TN:
SF:src\components\auth\AppLockHandler.tsx
FN:14,AppLockHandler
FN:56,handleActivity
FN:93,handleVisibility
FNF:3
FNH:1
FNDA:4,AppLockHandler
FNDA:0,handleActivity
FNDA:0,handleVisibility
DA:1,1
DA:14,1
DA:15,4
DA:16,4
DA:17,4
DA:18,4
DA:19,4
DA:20,4
DA:21,4
DA:22,4
DA:23,4
DA:24,4
DA:26,4
DA:27,4
DA:28,4
DA:29,4
DA:30,4
DA:31,4
DA:33,4
DA:34,2
DA:35,4
DA:37,4
DA:38,2
DA:39,0
DA:40,0
DA:41,4
DA:43,4
DA:44,2
DA:45,0
DA:46,0
DA:48,2
DA:49,4
DA:51,4
DA:52,2
DA:53,0
DA:54,0
DA:56,2
DA:57,0
DA:58,0
DA:60,2
DA:61,8
DA:62,8
DA:64,2
DA:65,2
DA:66,8
DA:67,8
DA:68,2
DA:69,4
DA:71,4
DA:72,4
DA:73,2
DA:74,2
DA:76,2
DA:77,2
DA:79,2
DA:80,0
DA:81,2
DA:83,2
DA:84,2
DA:85,2
DA:86,4
DA:88,4
DA:89,2
DA:90,0
DA:91,0
DA:93,2
DA:94,0
DA:95,0
DA:96,0
DA:97,0
DA:99,2
DA:101,2
DA:102,2
DA:103,2
DA:104,4
DA:106,4
DA:107,2
DA:108,2
DA:110,2
DA:111,2
LF:80
LH:65
BRDA:14,0,0,4
BRDA:106,1,0,2
BRDA:17,2,0,14
BRDA:18,3,0,14
BRDA:19,4,0,14
BRDA:20,5,0,14
BRDA:21,6,0,14
BRDA:22,7,0,14
BRDA:23,8,0,14
BRDA:24,9,0,14
BRDA:33,10,0,2
BRDA:34,11,0,0
BRDA:37,12,0,2
BRDA:38,13,0,0
BRDA:43,14,0,2
BRDA:44,15,0,0
BRDA:51,16,0,2
BRDA:52,17,0,0
BRDA:60,18,0,8
BRDA:64,19,0,2
BRDA:65,20,0,8
BRDA:71,21,0,4
BRDA:72,22,0,2
BRDA:83,23,0,2
BRDA:88,24,0,2
BRDA:89,25,0,0
BRDA:101,26,0,2
BRF:27
BRH:22
end_of_record
TN:
SF:src\components\auth\LogoutButton.tsx
FN:11,LogoutButton
FN:21,onClick
FNF:2
FNH:2
FNDA:15,LogoutButton
FNDA:1,onClick
DA:1,1
DA:11,1
DA:12,15
DA:14,15
DA:15,15
DA:16,15
DA:17,15
DA:18,15
DA:19,15
DA:20,15
DA:21,15
DA:23,15
DA:24,15
DA:26,15
LF:14
LH:14
BRDA:11,0,0,15
BRDA:23,1,0,1
BRDA:23,2,0,14
BRDA:21,3,0,1
BRF:4
BRH:4
end_of_record
TN:
SF:src\components\data-display\CollectorPaymentStatusBadge.tsx
FN:9,CollectorPaymentStatusBadge
FNF:1
FNH:1
FNDA:1,CollectorPaymentStatusBadge
DA:1,1
DA:9,1
DA:10,1
DA:12,1
DA:13,1
LF:5
LH:5
BRDA:9,0,0,1
BRF:1
BRH:1
end_of_record
TN:
SF:src\components\data-display\CurrencyAmount.tsx
FN:8,CurrencyAmount
FNF:1
FNH:1
FNDA:311,CurrencyAmount
DA:1,1
DA:8,1
DA:9,311
DA:10,311
DA:11,311
DA:12,311
DA:14,311
DA:15,311
DA:17,311
LF:9
LH:9
BRDA:8,0,0,311
BRF:1
BRH:1
end_of_record
TN:
SF:src\components\data-display\DataTable.tsx
FN:23,DataTable
FN:85,__vite_ssr_import_0__.jsxDEV.onClick
FNF:2
FNH:1
FNDA:38,DataTable
FNDA:0,__vite_ssr_import_0__.jsxDEV.onClick
DA:1,1
DA:23,1
DA:24,38
DA:25,38
DA:26,38
DA:27,38
DA:28,38
DA:29,38
DA:30,38
DA:31,38
DA:32,38
DA:33,38
DA:34,38
DA:36,38
DA:37,38
DA:38,38
DA:39,38
DA:40,38
DA:41,38
DA:42,38
DA:43,38
DA:44,38
DA:46,38
DA:47,38
DA:48,206
DA:49,206
DA:50,206
DA:51,206
DA:52,206
DA:53,206
DA:54,206
DA:56,206
DA:57,206
DA:58,38
DA:59,38
DA:60,38
DA:61,38
DA:62,38
DA:63,1
DA:64,1
DA:65,1
DA:66,1
DA:68,1
DA:69,1
DA:70,1
DA:72,37
DA:73,93
DA:74,93
DA:76,93
DA:77,93
DA:78,93
DA:79,93
DA:80,93
DA:81,93
DA:82,93
DA:83,93
DA:84,93
DA:85,93
DA:87,93
DA:88,516
DA:89,516
DA:90,516
DA:92,516
DA:93,516
DA:94,93
DA:95,93
DA:97,37
DA:99,38
DA:100,38
DA:101,38
DA:103,38
LF:71
LH:71
BRDA:23,0,0,38
BRDA:39,1,0,37
BRDA:39,2,0,1
BRDA:43,3,0,34
BRDA:43,4,0,4
BRDA:62,5,0,1
BRDA:70,6,0,37
BRDA:47,7,0,206
BRDA:72,8,0,93
BRDA:81,9,0,86
BRDA:82,10,0,1
BRDA:83,11,0,7
BRDA:85,12,0,7
BRDA:85,13,0,86
BRDA:87,14,0,516
BRF:15
BRH:15
end_of_record
TN:
SF:src\components\data-display\GroupRiskBadge.tsx
FN:10,GroupRiskBadge
FNF:1
FNH:1
FNDA:3,GroupRiskBadge
DA:1,1
DA:10,1
DA:11,3
DA:13,3
DA:14,3
DA:15,3
DA:16,3
DA:18,3
LF:8
LH:8
BRDA:10,0,0,3
BRF:1
BRH:1
end_of_record
TN:
SF:src\components\data-display\GroupRiskCard.tsx
FN:9,GroupRiskCard
FNF:1
FNH:1
FNDA:1,GroupRiskCard
DA:1,1
DA:9,1
DA:10,1
DA:11,4
DA:12,4
DA:13,4
DA:14,4
DA:15,4
DA:16,1
DA:17,3
DA:18,1
DA:19,2
DA:20,1
DA:21,1
DA:23,4
DA:24,3
DA:25,3
DA:27,4
DA:28,1
DA:30,1
DA:31,1
DA:32,1
DA:33,1
DA:34,1
DA:35,1
DA:36,1
DA:37,1
DA:38,1
DA:39,1
DA:40,0
DA:41,1
DA:42,1
DA:43,1
DA:45,1
DA:46,1
DA:47,1
DA:48,1
DA:49,1
DA:50,1
DA:51,1
DA:52,4
DA:53,4
DA:54,4
DA:55,4
DA:56,4
DA:57,4
DA:58,4
DA:59,4
DA:60,1
DA:61,1
DA:62,1
DA:63,1
DA:65,1
LF:53
LH:52
BRDA:9,0,0,1
BRDA:39,1,0,0
BRDA:10,2,0,4
BRDA:15,3,0,1
BRDA:16,4,0,3
BRDA:17,5,0,1
BRDA:18,6,0,2
BRDA:19,7,0,1
BRDA:20,8,0,1
BRDA:23,9,0,3
BRDA:13,10,0,6
BRDA:51,11,0,4
BRF:12
BRH:11
end_of_record
TN:
SF:src\components\data-display\KpiCard.tsx
FN:15,KpiCard
FNF:1
FNH:1
FNDA:153,KpiCard
DA:1,1
DA:15,1
DA:16,153
DA:17,153
DA:18,153
DA:19,153
DA:20,153
DA:21,153
DA:22,153
DA:23,153
DA:24,153
DA:25,153
DA:26,153
DA:27,2
DA:28,151
DA:29,1
DA:30,150
DA:32,153
DA:34,153
DA:35,153
DA:36,153
DA:37,153
DA:38,153
DA:39,153
DA:40,153
DA:42,153
DA:43,153
DA:44,153
DA:45,153
DA:46,153
DA:47,153
DA:49,153
DA:50,153
DA:51,153
DA:52,0
DA:53,0
DA:54,0
DA:55,153
DA:56,153
DA:57,153
DA:58,153
DA:59,153
DA:60,153
DA:61,153
DA:62,153
DA:64,153
DA:65,153
DA:66,153
DA:67,153
DA:69,153
LF:50
LH:47
BRDA:15,0,0,153
BRDA:26,1,0,2
BRDA:27,2,0,151
BRDA:28,3,0,1
BRDA:29,4,0,150
BRDA:46,5,0,0
BRDA:51,6,0,0
BRDA:60,7,0,0
BRDA:66,8,0,4
BRDA:66,9,0,149
BRF:10
BRH:7
end_of_record
TN:
SF:src\components\data-display\LoanScheduleTable.tsx
FN:13,LoanScheduleTable
FNF:1
FNH:1
FNDA:6,LoanScheduleTable
DA:1,1
DA:13,1
DA:14,6
DA:15,6
DA:16,6
DA:17,6
DA:18,6
DA:19,6
DA:20,6
DA:22,6
DA:23,6
DA:25,6
DA:26,6
DA:28,6
DA:29,6
DA:31,6
DA:32,6
DA:33,6
DA:34,6
DA:35,6
DA:36,60
DA:38,60
DA:39,60
DA:40,60
DA:41,60
DA:42,60
DA:43,60
DA:44,60
DA:45,60
DA:46,60
DA:47,60
DA:48,60
DA:49,60
DA:50,60
DA:51,60
DA:52,60
DA:54,6
DA:55,6
DA:56,6
DA:57,6
DA:59,6
LF:41
LH:41
BRDA:13,0,0,6
BRDA:35,1,0,60
BRF:2
BRH:2
end_of_record
TN:
SF:src\components\data-display\LoanStatusBadge.tsx
FN:11,LoanStatusBadge
FNF:1
FNH:1
FNDA:12,LoanStatusBadge
DA:1,1
DA:11,1
DA:12,12
DA:14,12
DA:15,12
DA:16,12
DA:17,12
DA:19,12
LF:8
LH:8
BRDA:11,0,0,12
BRF:1
BRH:1
end_of_record
TN:
SF:src\components\data-display\StatCard.tsx
FN:10,StatCard
FNF:1
FNH:1
FNDA:6,StatCard
DA:1,1
DA:10,1
DA:11,6
DA:12,6
DA:13,6
DA:14,6
DA:15,6
DA:17,6
LF:8
LH:8
BRDA:10,0,0,6
BRF:1
BRH:1
end_of_record
TN:
SF:src\components\data-display\StatusBadge.tsx
FN:10,StatusBadge
FNF:1
FNH:1
FNDA:67,StatusBadge
DA:1,1
DA:10,1
DA:11,67
DA:13,67
DA:14,67
DA:15,67
DA:16,67
DA:18,67
LF:8
LH:8
BRDA:10,0,0,67
BRF:1
BRH:1
end_of_record
TN:
SF:src\components\data-display\UtilisationBar.tsx
FN:8,UtilisationBar
FNF:1
FNH:1
FNDA:8,UtilisationBar
DA:1,1
DA:8,1
DA:9,8
DA:10,8
DA:12,8
DA:13,8
DA:14,8
DA:15,8
DA:16,8
DA:17,8
DA:18,8
DA:20,8
LF:12
LH:12
BRDA:8,0,0,8
BRDA:10,1,0,1
BRDA:10,2,0,7
BRDA:10,3,0,3
BRDA:10,4,0,4
BRF:5
BRH:5
end_of_record
TN:
SF:src\components\feedback\Alert.tsx
FN:20,Alert
FNF:1
FNH:1
FNDA:94,Alert
DA:1,1
DA:4,1
DA:5,1
DA:6,1
DA:7,1
DA:8,1
DA:9,1
DA:20,1
DA:21,94
DA:22,94
DA:23,94
DA:24,94
DA:25,94
DA:26,94
DA:27,94
DA:28,94
DA:29,94
DA:30,94
DA:31,94
DA:32,94
DA:33,94
DA:35,94
DA:36,94
DA:37,94
DA:39,94
LF:25
LH:25
BRDA:20,0,0,94
BRDA:36,1,0,0
BRF:2
BRH:1
end_of_record
TN:
SF:src\components\feedback\DemoModeBanner.tsx
FN:8,DemoModeBanner
FNF:1
FNH:1
FNDA:3,DemoModeBanner
DA:1,1
DA:8,1
DA:9,3
DA:10,2
DA:11,2
DA:13,1
DA:14,1
DA:15,1
DA:16,1
DA:17,1
DA:18,1
DA:19,1
DA:20,1
DA:22,1
DA:23,1
DA:25,1
LF:16
LH:16
BRDA:8,0,0,3
BRDA:9,1,0,2
BRDA:11,2,0,1
BRF:3
BRH:3
end_of_record
TN:
SF:src\components\feedback\EmptyState.tsx
FN:11,EmptyState
FNF:1
FNH:1
FNDA:2,EmptyState
DA:1,1
DA:11,1
DA:12,2
DA:13,2
DA:14,2
DA:15,2
DA:16,2
DA:17,2
DA:18,2
DA:19,2
DA:20,2
DA:21,2
DA:22,2
DA:24,2
DA:25,2
DA:26,2
DA:27,0
DA:28,2
DA:29,2
DA:31,2
LF:20
LH:19
BRDA:11,0,0,2
BRDA:26,1,0,0
BRDA:28,2,0,1
BRDA:28,3,0,1
BRF:4
BRH:3
end_of_record
TN:
SF:src\components\feedback\LoadingSpinner.tsx
FN:8,LoadingSpinner
FNF:1
FNH:1
FNDA:40,LoadingSpinner
DA:1,1
DA:8,1
DA:9,40
DA:10,40
DA:11,40
DA:12,40
DA:13,40
DA:14,40
DA:15,40
DA:16,40
DA:17,40
DA:19,40
DA:20,40
DA:21,40
DA:22,40
DA:23,40
DA:24,40
DA:26,40
LF:18
LH:18
BRDA:8,0,0,40
BRF:1
BRH:1
end_of_record
TN:
SF:src\components\feedback\OfflineBanner.tsx
FN:11,getBannerMessage
FN:36,OfflineBanner
FNF:2
FNH:2
FNDA:3,getBannerMessage
FNDA:3,OfflineBanner
DA:1,1
DA:11,3
DA:12,3
DA:13,3
DA:14,3
DA:15,3
DA:16,3
DA:17,3
DA:18,1
DA:19,1
DA:21,3
DA:22,0
DA:23,0
DA:25,3
DA:26,1
DA:27,1
DA:29,3
DA:30,0
DA:31,0
DA:33,1
DA:34,1
DA:36,1
DA:37,3
DA:38,3
DA:40,3
DA:41,1
DA:42,1
DA:44,2
DA:46,2
DA:47,2
DA:48,2
DA:49,2
DA:50,2
DA:51,2
DA:52,2
DA:53,1
DA:54,1
DA:55,3
DA:56,3
DA:58,3
DA:59,3
DA:61,3
LF:42
LH:38
BRDA:11,0,0,3
BRDA:17,1,0,1
BRDA:19,2,0,2
BRDA:21,3,0,0
BRDA:23,4,0,2
BRDA:25,5,0,1
BRDA:29,6,0,0
BRDA:31,7,0,1
BRDA:36,8,0,3
BRDA:40,9,0,1
BRDA:42,10,0,2
BRDA:52,11,0,1
BRDA:53,12,0,1
BRF:13
BRH:11
end_of_record
TN:
SF:src\components\feedback\Toast.tsx
FN:22,Toast
FN:58,onClick
FNF:2
FNH:2
FNDA:5,Toast
FNDA:1,onClick
DA:1,1
DA:8,1
DA:9,1
DA:10,1
DA:11,1
DA:12,1
DA:13,1
DA:14,1
DA:15,1
DA:22,1
DA:23,5
DA:24,5
DA:26,5
DA:27,5
DA:28,4
DA:29,4
DA:31,1
DA:32,1
DA:33,1
DA:35,1
DA:36,1
DA:37,1
DA:38,5
DA:40,5
DA:41,5
DA:42,5
DA:43,5
DA:44,5
DA:45,5
DA:46,5
DA:47,5
DA:48,5
DA:50,5
DA:51,5
DA:52,5
DA:53,5
DA:54,5
DA:55,5
DA:56,5
DA:57,5
DA:58,5
DA:59,5
DA:60,5
DA:62,5
DA:63,5
DA:65,5
LF:46
LH:46
BRDA:22,0,0,5
BRDA:24,1,0,0
BRDA:42,2,0,1
BRDA:42,3,0,4
BRDA:43,4,0,1
BRDA:43,5,0,4
BRDA:52,6,0,2
BRDA:52,7,0,3
BRDA:26,8,0,5
BRDA:27,9,0,4
BRDA:29,10,0,1
BRDA:31,11,0,1
BRDA:35,12,0,1
BRDA:58,13,0,1
BRF:14
BRH:13
end_of_record
TN:
SF:src\components\feedback\ToastContainer.tsx
FN:8,ToastContainer
FNF:1
FNH:1
FNDA:3,ToastContainer
DA:1,1
DA:8,1
DA:9,3
DA:10,3
DA:12,3
DA:13,3
DA:14,1
DA:15,1
DA:16,3
DA:17,3
DA:19,3
DA:20,1
DA:21,1
DA:23,2
DA:24,2
DA:25,2
DA:26,2
DA:28,2
DA:29,2
DA:30,2
DA:31,2
DA:32,2
DA:33,2
DA:34,2
DA:35,2
DA:36,2
LF:26
LH:26
BRDA:8,0,0,3
BRDA:19,1,0,1
BRDA:21,2,0,2
BRDA:9,3,0,10
BRDA:10,4,0,10
BRDA:13,5,0,1
BRDA:28,6,0,2
BRF:7
BRH:7
end_of_record
TN:
SF:src\components\forms\FormField.tsx
FN:13,FormField
FNF:1
FNH:1
FNDA:126,FormField
DA:1,1
DA:13,1
DA:14,126
DA:15,126
DA:16,126
DA:17,126
DA:18,126
DA:19,126
DA:20,126
DA:21,126
DA:23,126
DA:24,126
DA:25,126
DA:26,126
DA:27,126
DA:28,126
DA:29,126
DA:30,126
DA:31,0
DA:32,0
DA:33,0
DA:34,126
DA:35,126
DA:37,126
LF:24
LH:21
BRDA:13,0,0,126
BRDA:27,1,0,62
BRDA:27,2,0,64
BRDA:30,3,0,0
BRF:4
BRH:3
end_of_record
TN:
SF:src\components\forms\MultiStepForm.tsx
FN:23,MultiStepForm
FNF:1
FNH:1
FNDA:35,MultiStepForm
DA:1,1
DA:23,1
DA:24,35
DA:25,35
DA:26,35
DA:27,35
DA:28,35
DA:29,35
DA:30,35
DA:31,35
DA:32,35
DA:33,35
DA:34,35
DA:35,35
DA:36,35
DA:38,35
DA:39,35
DA:40,35
DA:41,35
DA:42,35
DA:44,35
DA:45,136
DA:46,136
DA:48,136
DA:49,136
DA:50,136
DA:51,136
DA:52,136
DA:53,136
DA:54,136
DA:55,35
DA:56,101
DA:57,46
DA:58,55
DA:59,136
DA:61,136
DA:62,136
DA:63,136
DA:65,35
DA:66,35
DA:68,35
DA:70,35
DA:71,35
DA:72,28
DA:74,28
DA:75,7
DA:77,35
DA:78,5
DA:79,5
DA:80,5
DA:82,30
DA:83,30
DA:84,30
DA:86,35
DA:87,35
DA:89,35
LF:56
LH:56
BRDA:23,0,0,35
BRDA:71,1,0,28
BRDA:74,2,0,7
BRDA:77,3,0,5
BRDA:79,4,0,2
BRDA:79,5,0,3
BRDA:80,6,0,30
BRDA:44,7,0,136
BRDA:51,8,0,35
BRDA:51,9,0,101
BRDA:54,10,0,35
BRDA:55,11,0,101
BRDA:56,12,0,46
BRDA:57,13,0,55
BRF:14
BRH:14
end_of_record
TN:
SF:src\components\forms\PasswordField.tsx
FN:17,PasswordField2
FN:59,onClick
FNF:2
FNH:2
FNDA:48,PasswordField2
FNDA:2,onClick
DA:1,1
DA:16,1
DA:17,1
DA:18,48
DA:19,48
DA:20,48
DA:21,48
DA:22,48
DA:23,48
DA:24,48
DA:25,48
DA:26,48
DA:27,48
DA:28,48
DA:29,48
DA:30,48
DA:31,48
DA:32,48
DA:33,48
DA:35,48
DA:36,48
DA:37,48
DA:38,48
DA:39,48
DA:40,48
DA:41,48
DA:42,48
DA:43,48
DA:44,48
DA:45,48
DA:46,48
DA:47,48
DA:48,48
DA:49,48
DA:50,48
DA:51,48
DA:52,48
DA:53,48
DA:54,48
DA:55,48
DA:56,48
DA:57,48
DA:58,48
DA:59,48
DA:60,48
DA:62,48
DA:63,48
DA:64,48
DA:65,48
DA:66,3
DA:67,3
DA:68,3
DA:69,45
DA:70,48
DA:72,48
DA:73,1
LF:56
LH:56
BRDA:17,0,0,48
BRDA:33,1,0,3
BRDA:44,2,0,1
BRDA:44,3,0,47
BRDA:62,4,0,1
BRDA:62,5,0,47
BRDA:65,6,0,3
BRDA:68,7,0,45
BRDA:59,8,0,2
BRDA:59,9,0,2
BRF:10
BRH:10
end_of_record
TN:
SF:src\components\forms\PhotoUpload.tsx
FN:19,PhotoUpload
FN:52,handleFileSelection
FN:74,handleInputChange
FN:79,handleRemove
FN:145,onClick
FN:156,onClick
FNF:6
FNH:4
FNDA:15,PhotoUpload
FNDA:4,handleFileSelection
FNDA:4,handleInputChange
FNDA:1,handleRemove
FNDA:0,onClick
FNDA:0,onClick
DA:1,1
DA:19,1
DA:20,15
DA:21,15
DA:22,15
DA:23,15
DA:24,15
DA:25,15
DA:26,15
DA:27,15
DA:28,15
DA:29,15
DA:30,15
DA:31,15
DA:32,15
DA:33,15
DA:35,15
DA:36,8
DA:37,6
DA:38,6
DA:39,6
DA:41,2
DA:42,2
DA:44,2
DA:45,2
DA:46,2
DA:47,15
DA:49,15
DA:50,15
DA:52,15
DA:53,4
DA:54,0
DA:55,0
DA:56,0
DA:57,0
DA:58,0
DA:60,4
DA:62,4
DA:63,2
DA:64,2
DA:65,2
DA:66,2
DA:67,2
DA:69,2
DA:70,2
DA:71,4
DA:72,4
DA:74,15
DA:75,4
DA:76,4
DA:77,4
DA:79,15
DA:80,1
DA:81,1
DA:82,1
DA:83,1
DA:85,15
DA:86,15
DA:87,15
DA:88,15
DA:89,15
DA:90,15
DA:91,15
DA:92,15
DA:93,15
DA:94,15
DA:95,15
DA:96,15
DA:97,15
DA:98,15
DA:99,15
DA:100,15
DA:101,15
DA:102,15
DA:103,15
DA:104,15
DA:105,15
DA:106,15
DA:107,15
DA:108,15
DA:109,15
DA:111,15
DA:112,3
DA:114,3
DA:115,3
DA:116,3
DA:117,3
DA:118,3
DA:119,3
DA:120,3
DA:121,3
DA:122,3
DA:124,12
DA:125,12
DA:126,12
DA:127,12
DA:128,12
DA:130,12
DA:131,12
DA:133,12
DA:134,12
DA:137,15
DA:138,15
DA:139,15
DA:140,15
DA:141,15
DA:142,15
DA:143,15
DA:144,15
DA:145,15
DA:146,15
DA:148,15
DA:149,15
DA:150,15
DA:151,15
DA:152,15
DA:153,15
DA:154,15
DA:155,15
DA:156,15
DA:157,15
DA:159,15
DA:160,15
DA:162,15
DA:163,4
DA:165,4
DA:166,11
DA:168,15
DA:169,4
DA:170,4
DA:171,4
DA:172,11
DA:173,15
DA:175,15
LF:134
LH:129
BRDA:19,0,0,15
BRDA:111,1,0,3
BRDA:116,2,0,2
BRDA:116,3,0,1
BRDA:120,4,0,2
BRDA:120,5,0,2
BRDA:120,6,0,1
BRDA:122,7,0,12
BRDA:127,8,0,4
BRDA:127,9,0,8
BRDA:162,10,0,4
BRDA:165,11,0,11
BRDA:168,12,0,4
BRDA:171,13,0,11
BRDA:35,14,0,8
BRDA:36,15,0,6
BRDA:39,16,0,2
BRDA:44,17,0,2
BRDA:52,18,0,4
BRDA:53,19,0,0
BRDA:62,20,0,2
BRDA:65,21,0,0
BRDA:71,22,0,0
BRDA:74,23,0,4
BRDA:75,24,0,0
BRDA:79,25,0,1
BRDA:82,26,0,0
BRF:27
BRH:22
end_of_record
TN:
SF:src\components\icons\ShellNavIcon.tsx
FN:9,ShellNavIcon
FNF:1
FNH:1
FNDA:69,ShellNavIcon
DA:1,1
DA:9,1
DA:10,69
DA:12,69
DA:13,69
DA:14,5
DA:15,5
DA:16,5
DA:17,5
DA:19,69
DA:20,8
DA:21,8
DA:22,8
DA:23,8
DA:25,69
DA:26,4
DA:27,4
DA:28,4
DA:29,4
DA:31,69
DA:32,4
DA:33,4
DA:34,4
DA:35,4
DA:36,4
DA:38,69
DA:39,5
DA:40,5
DA:41,5
DA:42,5
DA:43,5
DA:45,69
DA:46,43
DA:47,43
DA:48,43
DA:49,43
DA:51,69
DA:52,69
LF:38
LH:38
BRDA:9,0,0,69
BRDA:13,1,0,5
BRDA:19,2,0,8
BRDA:25,3,0,4
BRDA:31,4,0,4
BRDA:38,5,0,5
BRDA:45,6,0,43
BRF:7
BRH:7
end_of_record
TN:
SF:src\components\layout\ExecutiveDetailLayout.tsx
FN:10,ExecutiveDetailLayout
FNF:1
FNH:1
FNDA:20,ExecutiveDetailLayout
DA:1,1
DA:10,1
DA:11,20
DA:12,20
DA:13,20
DA:14,20
DA:15,20
DA:16,20
DA:17,20
DA:18,20
DA:19,20
DA:21,20
LF:12
LH:12
BRDA:10,0,0,20
BRF:1
BRH:1
end_of_record
TN:
SF:src\components\layout\OfficeShellFooter.tsx
FN:1,formatSyncTime
FN:10,OfficeShellFooter
FNF:2
FNH:2
FNDA:8,formatSyncTime
FNDA:8,OfficeShellFooter
DA:1,8
DA:2,8
DA:3,8
DA:4,8
DA:5,8
DA:6,8
DA:7,8
DA:8,8
DA:10,1
DA:11,8
DA:13,8
DA:14,8
DA:15,8
DA:16,8
DA:17,8
DA:18,8
DA:19,8
DA:20,8
DA:21,8
DA:22,8
DA:24,8
LF:21
LH:21
BRDA:1,0,0,8
BRDA:10,1,0,8
BRF:2
BRH:2
end_of_record
TN:
SF:src\components\layout\OfficeShellHeader.tsx
FN:11,formatHeaderDate
FN:29,OfficeShellHeader
FNF:2
FNH:2
FNDA:8,formatHeaderDate
FNDA:8,OfficeShellHeader
DA:1,1
DA:11,8
DA:12,8
DA:13,8
DA:14,8
DA:15,8
DA:16,8
DA:17,8
DA:18,8
DA:19,8
DA:20,8
DA:21,8
DA:29,1
DA:30,8
DA:31,8
DA:32,8
DA:33,8
DA:34,8
DA:35,8
DA:36,8
DA:37,8
DA:38,8
DA:39,8
DA:41,8
DA:42,8
DA:43,8
DA:44,8
DA:45,8
DA:46,8
DA:47,8
DA:48,8
DA:49,8
DA:51,0
DA:53,8
DA:54,8
DA:55,8
DA:56,8
DA:57,8
DA:58,8
DA:59,0
DA:60,8
DA:62,8
DA:63,8
DA:64,8
DA:65,8
DA:66,8
DA:67,8
DA:68,8
DA:70,8
DA:71,0
DA:72,8
DA:74,8
DA:75,8
DA:76,8
DA:77,8
DA:78,8
DA:79,8
DA:80,8
DA:82,8
DA:83,8
DA:84,8
DA:85,8
DA:86,8
DA:87,8
DA:88,8
DA:89,8
DA:90,8
DA:91,8
DA:92,8
DA:93,8
DA:95,8
LF:71
LH:68
BRDA:11,0,0,8
BRDA:29,1,0,8
BRDA:49,2,0,0
BRDA:58,3,0,0
BRDA:65,4,0,0
BRDA:70,5,0,0
BRDA:82,6,0,0
BRDA:86,7,0,0
BRF:8
BRH:2
end_of_record
TN:
SF:src\components\layout\PageBreadcrumbs.tsx
FN:7,PageBreadcrumbs
FNF:1
FNH:1
FNDA:8,PageBreadcrumbs
DA:1,1
DA:7,1
DA:8,8
DA:9,8
DA:10,8
DA:11,8
DA:12,8
DA:13,8
DA:14,8
DA:15,0
DA:16,0
DA:17,0
DA:19,8
DA:21,8
DA:22,8
DA:23,8
DA:24,8
DA:26,8
LF:18
LH:15
BRDA:7,0,0,8
BRDA:11,1,0,8
BRDA:13,2,0,0
BRDA:14,3,0,0
BRF:4
BRH:2
end_of_record
TN:
SF:src\components\layout\executive\DetailSidebarCard.tsx
FN:13,DetailSidebarCard
FNF:1
FNH:1
FNDA:37,DetailSidebarCard
DA:1,1
DA:13,1
DA:14,37
DA:15,37
DA:16,37
DA:17,37
DA:18,37
DA:19,37
DA:20,37
DA:21,37
DA:22,37
DA:23,37
DA:24,37
DA:25,37
DA:26,0
DA:27,37
DA:28,37
DA:29,37
DA:30,37
DA:32,37
LF:20
LH:19
BRDA:13,0,0,37
BRDA:23,1,0,1
BRDA:23,2,0,36
BRDA:25,3,0,0
BRDA:27,4,0,2
BRDA:27,5,0,35
BRDA:29,6,0,0
BRF:7
BRH:5
end_of_record
TN:
SF:src\components\layout\executive\ExecutiveKpiGrid.tsx
FN:9,ExecutiveKpiGrid
FNF:1
FNH:1
FNDA:50,ExecutiveKpiGrid
DA:1,1
DA:9,1
DA:10,50
DA:11,50
DA:12,50
DA:13,50
DA:15,50
LF:7
LH:7
BRDA:9,0,0,50
BRF:1
BRH:1
end_of_record
TN:
SF:src\components\layout\executive\ExecutiveThemeInitializer.tsx
FN:9,ExecutiveThemeInitializer
FNF:1
FNH:1
FNDA:8,ExecutiveThemeInitializer
DA:1,1
DA:7,1
DA:9,1
DA:10,8
DA:11,8
DA:12,8
DA:14,8
DA:15,8
DA:16,0
DA:17,0
DA:19,8
DA:21,8
DA:22,3
DA:23,3
DA:24,3
DA:25,8
DA:27,8
DA:28,8
LF:18
LH:16
BRDA:9,0,0,8
BRDA:10,1,0,28
BRDA:11,2,0,28
BRDA:12,3,0,28
BRDA:14,4,0,8
BRDA:15,5,0,0
BRDA:21,6,0,3
BRDA:21,7,0,3
BRF:8
BRH:7
end_of_record
TN:
SF:src\components\layout\executive\FilterPillBar.tsx
FN:18,FilterPillBar
FN:39,onClick
FNF:2
FNH:2
FNDA:17,FilterPillBar
FNDA:3,onClick
DA:1,1
DA:18,1
DA:19,17
DA:20,17
DA:21,17
DA:22,17
DA:23,17
DA:24,17
DA:25,17
DA:26,17
DA:27,17
DA:28,17
DA:29,17
DA:31,17
DA:32,112
DA:34,112
DA:35,112
DA:36,112
DA:37,112
DA:38,112
DA:39,112
DA:40,112
DA:41,112
DA:42,112
DA:43,17
DA:44,95
DA:45,112
DA:47,112
DA:48,112
DA:50,17
DA:51,17
DA:53,17
LF:32
LH:32
BRDA:18,0,0,17
BRDA:31,1,0,112
BRDA:42,2,0,17
BRDA:43,3,0,95
BRDA:47,4,0,17
BRDA:39,5,0,3
BRF:6
BRH:6
end_of_record
TN:
SF:src\components\layout\executive\ManagementToolbar.tsx
FN:11,ManagementToolbar
FNF:1
FNH:1
FNDA:28,ManagementToolbar
DA:1,1
DA:11,1
DA:12,28
DA:13,28
DA:14,28
DA:15,28
DA:16,28
DA:17,28
DA:18,28
DA:19,28
DA:20,28
DA:21,28
DA:22,28
DA:24,28
DA:25,28
DA:26,28
DA:27,28
DA:28,28
DA:29,10
DA:30,18
DA:31,28
DA:33,28
LF:22
LH:22
BRDA:11,0,0,28
BRDA:26,1,0,17
BRDA:26,2,0,11
BRDA:28,3,0,10
BRDA:29,4,0,18
BRF:5
BRH:5
end_of_record
TN:
SF:src\components\theme\ThemeToggle.tsx
FN:11,ThemeToggle
FNF:1
FNH:1
FNDA:24,ThemeToggle
DA:1,1
DA:11,1
DA:12,24
DA:13,24
DA:14,24
DA:16,24
DA:17,24
DA:18,24
DA:19,24
DA:20,24
DA:21,24
DA:22,24
DA:23,24
DA:24,24
DA:25,24
DA:27,24
DA:28,14
DA:29,14
DA:30,14
DA:31,14
DA:32,14
DA:33,14
DA:34,14
DA:35,14
DA:36,14
DA:38,10
DA:39,10
DA:40,10
DA:41,10
DA:42,10
DA:43,10
DA:44,10
DA:45,10
DA:47,24
DA:49,24
LF:35
LH:35
BRDA:11,0,0,24
BRDA:20,1,0,14
BRDA:20,2,0,10
BRDA:27,3,0,14
BRDA:36,4,0,10
BRDA:12,5,0,80
BRDA:13,6,0,80
BRF:7
BRH:7
end_of_record
TN:
SF:src\components\ui\Badge.tsx
FN:24,Badge
FNF:1
FNH:1
FNDA:149,Badge
DA:1,1
DA:5,1
DA:6,1
DA:7,1
DA:8,1
DA:9,1
DA:10,1
DA:11,1
DA:12,1
DA:13,1
DA:24,1
DA:25,149
DA:26,149
DA:27,149
DA:28,149
DA:29,149
DA:30,149
DA:31,1
DA:32,148
DA:34,149
DA:35,149
DA:36,149
DA:37,149
DA:38,149
DA:39,149
DA:40,149
DA:42,149
DA:43,149
DA:45,149
LF:29
LH:29
BRDA:24,0,0,149
BRDA:30,1,0,1
BRDA:31,2,0,148
BRF:3
BRH:3
end_of_record
TN:
SF:src\components\ui\Button.tsx
FN:33,Button2
FNF:1
FNH:1
FNDA:745,Button2
DA:1,1
DA:6,1
DA:7,1
DA:8,1
DA:9,1
DA:10,1
DA:11,1
DA:12,1
DA:13,1
DA:14,1
DA:15,1
DA:17,1
DA:18,1
DA:19,1
DA:20,1
DA:21,1
DA:32,1
DA:33,1
DA:34,745
DA:35,745
DA:36,745
DA:37,745
DA:38,745
DA:39,745
DA:40,745
DA:41,745
DA:42,745
DA:43,745
DA:44,745
DA:45,745
DA:46,745
DA:47,745
DA:48,745
DA:49,745
DA:50,745
DA:51,745
DA:52,745
DA:53,745
DA:54,745
DA:55,745
DA:56,745
DA:58,745
DA:59,745
DA:61,745
DA:62,1
LF:45
LH:45
BRDA:33,0,0,745
BRF:1
BRH:1
end_of_record
TN:
SF:src\components\ui\Checkbox.tsx
FN:11,Checkbox2
FNF:1
FNH:1
FNDA:44,Checkbox2
DA:1,1
DA:11,1
DA:12,44
DA:13,44
DA:14,44
DA:15,44
DA:17,44
DA:18,44
DA:19,44
DA:20,44
DA:21,44
DA:22,44
DA:23,44
DA:24,44
DA:26,44
DA:27,44
DA:28,44
DA:29,44
DA:30,44
DA:31,44
DA:32,44
DA:33,44
DA:34,44
DA:35,44
DA:37,44
LF:25
LH:25
BRDA:11,0,0,44
BRDA:15,1,0,0
BRDA:22,2,0,0
BRF:3
BRH:1
end_of_record
TN:
SF:src\components\ui\Drawer.tsx
FN:26,Drawer
FNF:1
FNH:1
FNDA:10,Drawer
DA:1,1
DA:14,1
DA:15,1
DA:26,1
DA:27,10
DA:28,10
DA:29,10
DA:30,10
DA:31,10
DA:32,10
DA:33,10
DA:34,10
DA:35,10
DA:36,10
DA:38,10
DA:39,10
DA:40,0
DA:41,0
DA:42,0
DA:43,0
DA:45,0
DA:46,0
DA:47,0
DA:49,0
DA:50,0
DA:51,0
DA:53,0
DA:54,0
DA:55,0
DA:56,0
DA:58,0
DA:59,0
DA:61,0
DA:62,0
DA:63,0
DA:64,0
DA:65,0
DA:66,0
DA:67,0
DA:68,0
DA:69,10
DA:70,10
DA:72,10
DA:73,10
DA:74,5
DA:75,5
DA:77,5
DA:78,5
DA:79,5
DA:81,5
DA:82,5
DA:83,5
DA:84,5
DA:86,5
DA:87,5
DA:88,5
DA:89,5
DA:90,5
DA:91,5
DA:92,10
DA:94,10
DA:95,5
DA:96,5
DA:98,5
DA:99,5
DA:100,5
DA:101,5
DA:102,5
DA:103,5
DA:104,5
DA:105,5
DA:106,5
DA:107,5
DA:108,5
DA:109,5
DA:110,5
DA:111,5
DA:112,5
DA:113,10
DA:114,10
DA:115,10
DA:117,10
DA:118,10
DA:119,10
DA:120,10
DA:121,10
DA:123,10
DA:124,10
DA:125,10
DA:126,10
DA:127,10
DA:128,10
DA:129,10
DA:130,10
LF:94
LH:70
BRDA:26,0,0,10
BRDA:94,1,0,5
BRDA:94,2,0,5
BRDA:113,3,0,0
BRDA:72,4,0,10
BRDA:73,5,0,5
BRDA:81,6,0,5
BRDA:86,7,0,5
BRF:8
BRH:7
end_of_record
TN:
SF:src\components\ui\Input.tsx
FN:14,Input2
FNF:1
FNH:1
FNDA:159,Input2
DA:1,1
DA:14,1
DA:15,159
DA:16,159
DA:17,159
DA:18,159
DA:19,159
DA:20,159
DA:21,159
DA:22,159
DA:23,159
DA:24,159
DA:25,159
DA:26,159
DA:27,159
DA:28,159
DA:29,159
DA:30,159
DA:31,159
DA:32,159
DA:33,159
DA:35,159
LF:22
LH:22
BRDA:14,0,0,159
BRDA:23,1,0,153
BRDA:26,2,0,6
BRDA:26,3,0,153
BRDA:29,4,0,8
BRF:5
BRH:5
end_of_record
TN:
SF:src\components\ui\Modal.tsx
FN:26,Modal
FNF:1
FNH:1
FNDA:26,Modal
DA:1,1
DA:14,1
DA:15,1
DA:26,1
DA:27,26
DA:28,26
DA:29,26
DA:30,26
DA:31,26
DA:32,26
DA:33,26
DA:34,26
DA:35,26
DA:36,26
DA:38,26
DA:39,26
DA:40,1
DA:41,1
DA:42,1
DA:43,1
DA:45,1
DA:46,0
DA:47,0
DA:49,0
DA:50,0
DA:51,0
DA:53,0
DA:54,0
DA:55,0
DA:56,0
DA:58,0
DA:59,0
DA:61,1
DA:62,0
DA:63,0
DA:64,0
DA:65,0
DA:66,0
DA:67,0
DA:68,1
DA:69,26
DA:70,26
DA:72,26
DA:73,26
DA:74,9
DA:75,9
DA:77,17
DA:78,17
DA:80,17
DA:81,14
DA:82,14
DA:83,17
DA:85,17
DA:86,17
DA:87,17
DA:88,17
DA:89,17
DA:90,26
DA:92,26
DA:93,9
DA:94,9
DA:96,17
DA:97,17
DA:98,17
DA:99,17
DA:101,17
DA:102,17
DA:103,17
DA:104,17
DA:105,17
DA:106,17
DA:107,17
DA:108,17
DA:109,17
DA:110,17
DA:111,17
DA:112,17
DA:113,17
DA:114,17
DA:115,17
DA:117,17
DA:118,17
DA:119,17
DA:120,17
DA:121,17
DA:123,17
DA:124,17
DA:125,17
DA:126,26
DA:127,26
DA:128,26
DA:129,26
DA:130,26
DA:131,26
LF:94
LH:77
BRDA:26,0,0,26
BRDA:92,1,0,17
BRDA:92,2,0,9
BRDA:94,3,0,18
BRDA:94,4,0,17
BRDA:126,5,0,15
BRDA:126,6,0,2
BRDA:39,7,0,1
BRDA:43,8,0,0
BRDA:45,9,0,0
BRDA:61,10,0,0
BRDA:72,11,0,26
BRDA:73,12,0,9
BRDA:75,13,0,17
BRDA:80,14,0,14
BRDA:85,15,0,17
BRF:16
BRH:13
end_of_record
TN:
SF:src\components\ui\Pagination.tsx
FN:14,Pagination
FN:30,onClick
FN:42,onClick
FNF:3
FNH:2
FNDA:1,Pagination
FNDA:0,onClick
FNDA:1,onClick
DA:1,1
DA:14,1
DA:15,1
DA:16,1
DA:17,1
DA:18,1
DA:19,1
DA:20,1
DA:21,1
DA:22,1
DA:24,1
DA:25,1
DA:26,1
DA:27,1
DA:28,1
DA:29,1
DA:30,1
DA:31,1
DA:33,1
DA:34,1
DA:35,1
DA:36,1
DA:37,1
DA:38,1
DA:39,1
DA:40,1
DA:41,1
DA:42,1
DA:43,1
DA:45,1
DA:46,1
DA:48,1
LF:32
LH:32
BRDA:14,0,0,1
BRDA:42,1,0,1
BRF:2
BRH:2
end_of_record
TN:
SF:src\components\ui\ProgressBar.tsx
FN:10,ProgressBar
FNF:1
FNH:1
FNDA:1,ProgressBar
DA:1,1
DA:10,1
DA:11,1
DA:12,1
DA:14,1
DA:15,1
DA:16,1
DA:17,1
DA:18,1
DA:19,1
DA:20,1
DA:21,1
DA:22,1
DA:23,1
DA:24,1
DA:25,1
DA:26,1
DA:28,1
DA:29,1
DA:30,1
DA:31,1
DA:32,1
DA:33,1
DA:35,1
LF:24
LH:24
BRDA:10,0,0,1
BRDA:12,1,0,0
BRF:2
BRH:1
end_of_record
TN:
SF:src\components\ui\Radio.tsx
FN:11,Radio2
FNF:1
FNH:1
FNDA:1,Radio2
DA:1,1
DA:11,1
DA:12,1
DA:13,1
DA:14,1
DA:15,1
DA:17,1
DA:18,1
DA:19,1
DA:20,1
DA:21,1
DA:22,1
DA:23,1
DA:24,1
DA:26,1
DA:27,1
DA:28,1
DA:29,1
DA:30,1
DA:31,1
DA:32,1
DA:33,1
DA:34,1
DA:35,1
DA:37,1
LF:25
LH:25
BRDA:11,0,0,1
BRDA:22,1,0,0
BRF:2
BRH:1
end_of_record
TN:
SF:src\components\ui\Select.tsx
FN:11,Select2
FNF:1
FNH:1
FNDA:33,Select2
DA:1,1
DA:11,1
DA:12,33
DA:13,33
DA:14,33
DA:15,33
DA:16,33
DA:17,33
DA:18,33
DA:19,33
DA:20,33
DA:21,33
DA:22,33
DA:23,33
DA:24,33
DA:25,33
DA:26,33
DA:27,33
DA:29,33
DA:30,33
DA:32,33
LF:21
LH:21
BRDA:11,0,0,33
BRDA:22,1,0,0
BRF:2
BRH:1
end_of_record
TN:
SF:src\components\ui\Switch.tsx
FN:13,Switch2
FN:29,onClick
FNF:2
FNH:1
FNDA:1,Switch2
FNDA:0,onClick
DA:1,1
DA:13,1
DA:14,1
DA:15,1
DA:16,1
DA:17,1
DA:19,1
DA:20,1
DA:21,1
DA:22,1
DA:23,1
DA:24,1
DA:25,1
DA:26,1
DA:27,1
DA:28,1
DA:29,1
DA:30,1
DA:31,1
DA:32,1
DA:33,1
DA:34,1
DA:35,1
DA:37,1
DA:38,1
DA:39,1
DA:40,1
DA:41,1
DA:42,1
DA:43,1
DA:44,1
DA:45,1
DA:46,1
DA:47,1
DA:48,1
DA:50,1
LF:36
LH:36
BRDA:13,0,0,1
BRDA:32,1,0,0
BRDA:33,2,0,0
BRDA:41,3,0,0
BRF:4
BRH:1
end_of_record
TN:
SF:src\components\ui\Tabs.tsx
FN:21,Tabs
FN:45,onClick
FNF:2
FNH:2
FNDA:3,Tabs
FNDA:1,onClick
DA:1,1
DA:21,1
DA:22,3
DA:24,3
DA:25,3
DA:26,3
DA:27,3
DA:28,3
DA:29,3
DA:31,3
DA:32,6
DA:33,6
DA:34,6
DA:36,6
DA:37,6
DA:38,6
DA:39,6
DA:40,6
DA:41,6
DA:42,6
DA:43,6
DA:44,6
DA:45,6
DA:46,6
DA:47,6
DA:48,6
DA:49,3
DA:50,3
DA:51,6
DA:53,6
DA:54,6
DA:56,3
DA:57,3
DA:58,3
DA:59,6
DA:60,6
DA:61,6
DA:63,6
DA:64,6
DA:65,6
DA:66,6
DA:67,6
DA:68,6
DA:69,6
DA:70,6
DA:72,6
DA:73,6
DA:75,3
DA:76,3
DA:78,3
LF:50
LH:50
BRDA:21,0,0,3
BRDA:31,1,0,6
BRDA:48,2,0,3
BRDA:49,3,0,3
BRDA:45,4,0,1
BRDA:58,5,0,6
BRDA:72,6,0,3
BRDA:72,7,0,3
BRF:8
BRH:8
end_of_record
TN:
SF:src\components\ui\Textarea.tsx
FN:11,Textarea2
FNF:1
FNH:1
FNDA:69,Textarea2
DA:1,1
DA:11,1
DA:12,69
DA:13,69
DA:14,69
DA:15,69
DA:16,69
DA:17,69
DA:18,69
DA:19,69
DA:20,69
DA:21,69
DA:22,69
DA:23,69
DA:24,69
DA:25,69
DA:26,69
DA:27,69
DA:28,69
DA:30,69
LF:20
LH:20
BRDA:11,0,0,69
BRDA:19,1,0,68
BRDA:22,2,0,1
BRDA:22,3,0,68
BRF:4
BRH:4
end_of_record
TN:
SF:src\components\ui\Tooltip.tsx
FN:12,Tooltip
FNF:1
FNH:1
FNDA:1,Tooltip
DA:1,1
DA:12,1
DA:13,1
DA:15,1
DA:16,1
DA:17,1
DA:18,1
DA:19,1
DA:20,1
DA:21,1
DA:22,1
DA:23,1
DA:25,1
DA:26,1
DA:27,1
DA:29,1
LF:16
LH:16
BRDA:12,0,0,1
BRF:1
BRH:1
end_of_record
TN:
SF:src\features\adjustments\adjustment.schema.ts
FNF:0
FNH:0
DA:1,1
DA:3,1
DA:4,1
DA:5,1
DA:6,1
DA:7,1
DA:8,1
DA:10,1
DA:11,1
DA:12,1
DA:13,1
DA:14,1
DA:15,1
LF:13
LH:13
BRF:0
BRH:0
end_of_record
TN:
SF:src\features\app-lock\app-lock.schema.ts
FN:15,__vite_ssr_import_0__.z.object.refine.message
FNF:1
FNH:1
FNDA:4,__vite_ssr_import_0__.z.object.refine.message
DA:1,1
DA:4,1
DA:6,1
DA:7,1
DA:8,1
DA:10,1
DA:11,1
DA:12,1
DA:13,1
DA:14,1
DA:15,1
DA:16,1
DA:17,1
DA:18,1
LF:14
LH:14
BRDA:15,0,0,4
BRF:1
BRH:1
end_of_record
TN:
SF:src\features\approval-workflow\approval.schema.ts
FNF:0
FNH:0
DA:1,1
DA:3,1
DA:4,1
DA:5,1
LF:4
LH:4
BRF:0
BRH:0
end_of_record
TN:
SF:src\features\authentication\login.schema.ts
FNF:0
FNH:0
DA:1,1
DA:3,1
DA:4,1
DA:5,1
DA:6,1
DA:7,1
DA:8,1
DA:9,1
DA:10,1
DA:11,1
DA:12,1
DA:13,1
LF:12
LH:12
BRDA:12,0,0,5
BRF:1
BRH:1
end_of_record
TN:
SF:src\features\borrower-management\borrower-list-summary.ts
FN:10,summarizeBorrowerList
FN:12,borrowers.reduce.totalBorrowers
FNF:2
FNH:2
FNDA:4,summarizeBorrowerList
FNDA:12,borrowers.reduce.totalBorrowers
DA:1,1
DA:10,1
DA:11,4
DA:12,4
DA:13,12
DA:15,12
DA:16,6
DA:17,6
DA:18,4
DA:19,6
DA:20,2
DA:21,2
DA:23,12
DA:24,12
DA:25,4
DA:26,4
DA:27,4
DA:28,4
DA:29,4
DA:30,4
DA:31,4
DA:32,4
LF:22
LH:22
BRDA:10,0,0,4
BRDA:12,1,0,12
BRDA:15,2,0,6
BRDA:17,3,0,4
BRDA:19,4,0,2
BRF:5
BRH:5
end_of_record
TN:
SF:src\features\borrower-management\borrower-list.utils.ts
FN:8,filterBorrowerSummaries
FNF:1
FNH:1
FNDA:6,filterBorrowerSummaries
DA:8,1
DA:9,6
DA:10,6
DA:11,6
DA:12,6
DA:14,6
DA:15,20
DA:16,20
DA:17,20
DA:18,2
DA:19,1
DA:20,1
DA:22,20
DA:23,6
DA:24,6
LF:15
LH:15
BRDA:8,0,0,6
BRDA:14,1,0,20
BRDA:15,2,0,8
BRDA:17,3,0,2
BRDA:18,4,0,1
BRDA:19,5,0,1
BRDA:22,6,0,16
BRF:7
BRH:7
end_of_record
TN:
SF:src\features\borrower-registration\registration.schema.ts
FN:25,__vite_ssr_import_0__.z.object.email.__vite_ssr_import_0__.z.string.trim.refine.message
FN:71,personalDetailsSchema.merge.merge.merge.merge.refine.message
FNF:2
FNH:2
FNDA:4,__vite_ssr_import_0__.z.object.email.__vite_ssr_import_0__.z.string.trim.refine.message
FNDA:4,personalDetailsSchema.merge.merge.merge.merge.refine.message
DA:1,1
DA:8,1
DA:9,1
DA:10,1
DA:11,1
DA:12,1
DA:14,1
DA:15,1
DA:16,1
DA:17,1
DA:18,1
DA:19,1
DA:20,1
DA:21,1
DA:22,1
DA:23,1
DA:24,1
DA:25,1
DA:26,1
DA:27,1
DA:28,1
DA:29,1
DA:30,1
DA:31,1
DA:32,1
DA:33,1
DA:34,1
DA:36,1
DA:37,1
DA:38,1
DA:39,1
DA:40,1
DA:41,1
DA:42,1
DA:44,1
DA:45,1
DA:46,1
DA:47,1
DA:48,1
DA:50,1
DA:51,1
DA:52,1
DA:53,1
DA:54,1
DA:56,1
DA:57,1
DA:58,1
DA:59,1
DA:60,1
DA:61,1
DA:62,1
DA:63,1
DA:64,1
DA:66,1
DA:67,1
DA:68,1
DA:69,1
DA:70,1
DA:71,1
DA:72,1
DA:73,1
DA:74,1
DA:83,1
DA:84,1
DA:85,1
DA:86,1
DA:87,1
DA:88,1
DA:89,1
DA:91,1
DA:92,1
DA:93,1
DA:94,1
DA:95,1
DA:96,1
DA:97,1
LF:76
LH:76
BRDA:25,0,0,4
BRDA:25,1,0,0
BRDA:59,2,0,4
BRDA:61,3,0,4
BRDA:71,4,0,4
BRF:5
BRH:4
end_of_record
TN:
SF:src\features\borrower-registration\registration.utils.ts
FN:1,(empty-report)
FNF:1
FNH:1
FNDA:1,(empty-report)
DA:5,0
DA:6,0
DA:7,0
DA:8,0
DA:9,0
DA:10,0
DA:11,0
DA:12,0
DA:13,0
DA:14,0
DA:15,0
DA:16,0
DA:17,0
DA:18,0
DA:19,0
DA:20,0
DA:21,0
DA:22,0
DA:23,0
DA:24,0
DA:25,0
DA:26,0
DA:28,0
DA:29,0
DA:30,0
DA:31,0
DA:32,0
DA:33,0
DA:34,0
DA:35,0
DA:36,0
DA:37,0
DA:38,0
DA:39,0
DA:40,0
DA:41,0
DA:42,0
DA:43,0
DA:44,0
DA:45,0
DA:46,0
DA:47,0
DA:48,0
DA:49,0
DA:50,0
DA:51,0
DA:52,0
DA:53,0
DA:54,0
DA:55,0
DA:56,0
LF:51
LH:0
BRDA:1,0,0,1
BRF:1
BRH:1
end_of_record
TN:
SF:src\features\loan-management\loan-progress.utils.ts
FN:13,sumConfirmedRepaymentsPesewas
FN:25,countElapsedScheduleWeeks
FN:36,calculateLoanProgress
FNF:3
FNH:3
FNDA:4,sumConfirmedRepaymentsPesewas
FNDA:3,countElapsedScheduleWeeks
FNDA:3,calculateLoanProgress
DA:1,1
DA:13,1
DA:14,4
DA:15,4
DA:16,4
DA:17,4
DA:18,4
DA:19,4
DA:20,18
DA:21,4
DA:22,4
DA:23,4
DA:25,1
DA:26,3
DA:27,3
DA:28,3
DA:29,3
DA:30,3
DA:36,1
DA:37,3
DA:38,3
DA:39,3
DA:40,3
DA:41,3
DA:42,3
DA:43,3
DA:44,3
DA:45,3
DA:46,3
DA:48,3
DA:49,3
DA:50,3
DA:51,3
DA:52,3
DA:53,3
DA:54,3
DA:55,3
DA:56,3
DA:57,3
DA:59,3
DA:60,3
DA:61,3
DA:62,3
DA:63,3
DA:64,3
DA:65,3
DA:66,3
DA:67,3
DA:68,3
DA:69,3
DA:70,3
DA:71,3
LF:52
LH:52
BRDA:13,0,0,4
BRDA:19,1,0,18
BRDA:20,2,0,14
BRDA:22,3,0,12
BRDA:25,4,0,3
BRDA:29,5,0,24
BRDA:36,6,0,3
BRDA:46,7,0,0
BRDA:57,8,0,0
BRDA:49,9,0,24
BRDA:53,10,0,24
BRF:11
BRH:9
end_of_record
TN:
SF:src\features\loan-management\loan.schema.ts
FN:17,__vite_ssr_import_0__.z.object.amountGhs.__vite_ssr_import_0__.z.string.trim.min.refine.message
FN:37,__vite_ssr_import_0__.z.object.startDate.__vite_ssr_import_0__.z.string.min.refine.message
FNF:2
FNH:2
FNDA:5,__vite_ssr_import_0__.z.object.amountGhs.__vite_ssr_import_0__.z.string.trim.min.refine.message
FNDA:5,__vite_ssr_import_0__.z.object.startDate.__vite_ssr_import_0__.z.string.min.refine.message
DA:1,1
DA:8,1
DA:9,1
DA:10,1
DA:12,1
DA:13,1
DA:14,1
DA:15,1
DA:16,1
DA:17,1
DA:18,1
DA:19,1
DA:20,1
DA:21,1
DA:22,1
DA:23,1
DA:24,1
DA:25,1
DA:27,1
DA:28,1
DA:29,1
DA:30,1
DA:31,1
DA:32,1
DA:33,1
DA:34,1
DA:35,1
DA:36,1
DA:37,1
DA:38,1
DA:39,1
DA:40,1
DA:42,1
DA:43,1
DA:44,1
DA:45,1
DA:46,3
DA:48,3
DA:49,0
DA:50,0
DA:52,3
DA:53,1
DA:54,1
DA:55,1
DA:56,1
DA:57,1
DA:58,1
DA:59,3
DA:61,1
DA:62,1
DA:63,1
DA:64,1
DA:65,1
DA:67,1
DA:68,1
DA:69,1
DA:70,1
DA:71,1
LF:58
LH:56
BRDA:17,0,0,5
BRDA:37,1,0,5
BRDA:45,2,0,3
BRDA:48,3,0,0
BRDA:52,4,0,1
BRF:5
BRH:4
end_of_record
TN:
SF:src\features\loan-management\loan.utils.ts
FN:4,parseGhsToPesewas
FN:20,toCreateLoanInput
FNF:2
FNH:2
FNDA:15,parseGhsToPesewas
FNDA:1,toCreateLoanInput
DA:1,1
DA:4,1
DA:5,15
DA:7,15
DA:8,0
DA:9,0
DA:11,15
DA:13,15
DA:14,0
DA:15,0
DA:17,15
DA:18,15
DA:20,1
DA:21,1
DA:23,1
DA:24,0
DA:25,0
DA:27,1
DA:28,1
DA:29,1
DA:30,1
DA:31,1
DA:32,1
DA:33,1
DA:34,1
DA:35,1
DA:37,1
DA:38,1
DA:39,1
DA:40,1
DA:41,1
DA:42,1
DA:43,1
DA:44,1
LF:34
LH:28
BRDA:4,0,0,15
BRDA:7,1,0,0
BRDA:13,2,0,0
BRDA:20,3,0,1
BRDA:23,4,0,0
BRF:5
BRH:2
end_of_record
TN:
SF:src\features\payment-collection\collector-dashboard.utils.ts
FN:46,sumPaymentsForBorrowerOnDate
FN:62,resolveReconciliationStatus
FN:76,buildBorrowerRow
FN:107,buildAllCollectorBorrowerRows
FN:113,buildCollectorDashboard
FNF:5
FNH:4
FNDA:3,sumPaymentsForBorrowerOnDate
FNDA:4,resolveReconciliationStatus
FNDA:3,buildBorrowerRow
FNDA:0,buildAllCollectorBorrowerRows
FNDA:4,buildCollectorDashboard
DA:1,1
DA:46,1
DA:47,3
DA:48,3
DA:49,3
DA:50,3
DA:51,3
DA:52,3
DA:53,3
DA:54,3
DA:55,1
DA:56,1
DA:57,1
DA:58,3
DA:59,3
DA:60,3
DA:62,4
DA:63,4
DA:64,4
DA:65,4
DA:66,3
DA:67,3
DA:69,1
DA:70,0
DA:71,0
DA:73,1
DA:74,1
DA:76,3
DA:77,3
DA:78,3
DA:79,3
DA:80,3
DA:81,3
DA:82,3
DA:83,3
DA:84,3
DA:85,3
DA:87,3
DA:89,3
DA:90,1
DA:91,2
DA:92,2
DA:93,2
DA:95,3
DA:96,3
DA:97,3
DA:98,3
DA:99,3
DA:100,3
DA:101,3
DA:102,3
DA:103,3
DA:104,3
DA:105,3
DA:107,1
DA:108,0
DA:109,0
DA:110,0
DA:111,0
DA:113,1
DA:114,4
DA:115,4
DA:116,4
DA:118,4
DA:119,4
DA:120,4
DA:121,4
DA:122,4
DA:124,4
DA:125,4
DA:126,4
DA:127,4
DA:128,4
DA:129,4
DA:130,4
DA:131,4
DA:133,4
DA:134,4
DA:135,4
DA:136,4
DA:137,4
DA:138,4
DA:139,4
DA:140,4
DA:141,4
DA:142,4
DA:143,4
DA:144,4
DA:145,4
DA:146,4
DA:147,4
DA:148,4
LF:92
LH:86
BRDA:46,0,0,3
BRDA:54,1,0,1
BRDA:59,2,0,1
BRDA:62,3,0,4
BRDA:65,4,0,3
BRDA:67,5,0,1
BRDA:69,6,0,0
BRDA:76,7,0,3
BRDA:89,8,0,2
BRDA:89,9,0,1
BRDA:113,10,0,4
BRDA:122,11,0,1
BRDA:122,12,0,3
BRDA:114,13,0,4
BRDA:118,14,0,3
BRDA:119,15,0,3
BRDA:120,16,0,3
BRDA:125,17,0,4
BRDA:126,18,0,4
BRF:19
BRH:18
end_of_record
TN:
SF:src\features\payment-collection\payment-entry.utils.ts
FN:17,isPaymentDayForDate
FN:21,isWeekPayable
FN:33,getPayableObligationWeeks
FN:47,getOldestPayableWeek
FN:54,isOverpaymentAttempt
FN:61,validatePaymentAmount
FN:76,validatePaymentSubmission
FN:108,applyPaymentToOldestObligation
FN:125,buildPaymentEntryContext
FNF:9
FNH:9
FNDA:20,isPaymentDayForDate
FNDA:170,isWeekPayable
FNDA:13,getPayableObligationWeeks
FNDA:11,getOldestPayableWeek
FNDA:15,isOverpaymentAttempt
FNDA:10,validatePaymentAmount
FNDA:8,validatePaymentSubmission
FNDA:5,applyPaymentToOldestObligation
FNDA:13,buildPaymentEntryContext
DA:1,1
DA:17,1
DA:18,20
DA:19,20
DA:21,1
DA:22,170
DA:23,75
DA:24,75
DA:26,170
DA:27,23
DA:28,23
DA:30,72
DA:31,170
DA:33,1
DA:34,13
DA:35,13
DA:36,13
DA:37,13
DA:38,13
DA:39,13
DA:40,25
DA:41,25
DA:42,25
DA:43,25
DA:44,13
DA:45,13
DA:47,1
DA:48,11
DA:49,11
DA:50,11
DA:51,11
DA:52,11
DA:54,1
DA:55,15
DA:56,15
DA:57,15
DA:58,15
DA:59,15
DA:61,1
DA:62,10
DA:63,10
DA:64,10
DA:65,10
DA:66,2
DA:67,2
DA:69,10
DA:70,1
DA:71,1
DA:73,7
DA:74,7
DA:76,1
DA:77,8
DA:78,8
DA:79,8
DA:80,8
DA:81,8
DA:82,8
DA:88,8
DA:89,8
DA:91,8
DA:92,1
DA:93,1
DA:95,7
DA:96,2
DA:97,2
DA:99,5
DA:101,7
DA:102,1
DA:103,1
DA:105,4
DA:106,4
DA:108,1
DA:109,5
DA:110,5
DA:111,5
DA:112,5
DA:114,5
DA:115,0
DA:116,0
DA:118,5
DA:119,45
DA:120,5
DA:121,40
DA:122,5
DA:123,5
DA:125,1
DA:126,13
DA:127,13
DA:128,13
DA:129,13
DA:130,13
DA:131,13
DA:132,13
DA:133,13
DA:134,13
DA:135,13
DA:136,13
DA:137,13
DA:138,13
DA:139,13
DA:140,13
DA:141,13
DA:142,13
DA:144,13
DA:145,13
DA:147,13
DA:148,1
DA:149,1
DA:150,13
DA:151,0
DA:152,0
DA:153,0
DA:155,13
DA:156,13
DA:157,13
DA:158,13
DA:159,13
DA:160,13
DA:161,13
DA:162,13
DA:163,13
DA:164,13
DA:165,13
DA:166,13
DA:167,13
DA:168,13
DA:169,13
DA:170,13
DA:171,13
DA:172,13
LF:130
LH:125
BRDA:17,0,0,20
BRDA:21,1,0,170
BRDA:22,2,0,161
BRDA:22,3,0,75
BRDA:24,4,0,95
BRDA:26,5,0,23
BRDA:28,6,0,72
BRDA:33,7,0,13
BRDA:38,8,0,125
BRDA:39,9,0,25
BRDA:47,10,0,11
BRDA:51,11,0,45
BRDA:54,12,0,15
BRDA:61,13,0,10
BRDA:65,14,0,2
BRDA:67,15,0,8
BRDA:69,16,0,1
BRDA:71,17,0,7
BRDA:76,18,0,8
BRDA:91,19,0,1
BRDA:93,20,0,7
BRDA:95,21,0,5
BRDA:95,22,0,2
BRDA:101,23,0,1
BRDA:103,24,0,4
BRDA:108,25,0,5
BRDA:114,26,0,0
BRDA:118,27,0,45
BRDA:119,28,0,5
BRDA:120,29,0,40
BRDA:125,30,0,13
BRDA:147,31,0,1
BRDA:150,32,0,12
BRDA:150,33,0,0
BRDA:140,34,0,25
BRF:35
BRH:33
end_of_record
TN:
SF:src\hooks\useAuth.ts
FN:5,useAuth
FNF:1
FNH:1
FNDA:78,useAuth
DA:1,1
DA:5,1
DA:6,78
DA:7,78
DA:8,78
DA:9,78
DA:10,78
DA:12,78
DA:13,78
DA:14,78
DA:15,78
DA:16,78
DA:17,78
DA:18,78
DA:19,78
DA:20,78
LF:16
LH:16
BRDA:5,0,0,78
BRDA:6,1,0,234
BRDA:7,2,0,234
BRDA:8,3,0,234
BRDA:9,4,0,234
BRDA:10,5,0,234
BRF:6
BRH:6
end_of_record
TN:
SF:src\hooks\useLogout.ts
FN:7,useLogout
FNF:1
FNH:1
FNDA:15,useLogout
DA:1,1
DA:7,1
DA:8,15
DA:9,15
DA:10,15
DA:12,15
DA:13,1
DA:14,0
DA:15,0
DA:17,1
DA:19,1
DA:20,1
DA:21,1
DA:22,1
DA:23,1
DA:24,1
DA:26,1
DA:27,1
DA:28,1
DA:29,1
DA:30,1
DA:31,15
DA:33,15
DA:34,15
DA:35,15
DA:36,15
DA:37,15
LF:27
LH:25
BRDA:7,0,0,15
BRDA:9,1,0,46
BRDA:12,2,0,1
BRDA:13,3,0,0
BRDA:24,4,0,0
BRF:5
BRH:3
end_of_record
TN:
SF:src\hooks\useOfflineStatus.ts
FN:1,(empty-report)
FNF:1
FNH:0
FNDA:0,(empty-report)
DA:1,0
DA:10,0
DA:11,0
DA:12,0
DA:13,0
DA:15,0
DA:16,0
DA:18,0
DA:19,0
DA:21,0
DA:22,0
DA:23,0
DA:25,0
DA:26,0
DA:28,0
DA:29,0
DA:30,0
DA:31,0
DA:32,0
DA:34,0
DA:35,0
DA:36,0
DA:37,0
DA:38,0
LF:24
LH:0
BRDA:1,0,0,0
BRF:1
BRH:0
end_of_record
TN:
SF:src\hooks\useShellPageTitle.ts
FN:6,useShellPageTitle
FNF:1
FNH:1
FNDA:8,useShellPageTitle
DA:1,1
DA:6,1
DA:7,8
DA:8,8
DA:9,8
LF:5
LH:5
BRDA:6,0,0,8
BRF:1
BRH:1
end_of_record
TN:
SF:src\layouts\ApproverShell.tsx
FN:12,ApproverShell
FNF:1
FNH:1
FNDA:1,ApproverShell
DA:1,1
DA:12,1
DA:13,1
DA:14,1
DA:15,1
DA:16,1
DA:17,1
DA:18,1
DA:19,1
DA:20,1
DA:21,1
DA:23,1
DA:24,1
DA:25,1
DA:27,1
LF:15
LH:15
BRDA:12,0,0,1
BRF:1
BRH:1
end_of_record
TN:
SF:src\layouts\CollectorShell.tsx
FN:19,CollectorShell
FNF:1
FNH:1
FNDA:1,CollectorShell
DA:1,1
DA:19,1
DA:20,1
DA:22,1
DA:23,1
DA:24,1
DA:25,1
DA:26,1
DA:28,1
DA:29,1
DA:30,1
DA:32,1
DA:33,1
DA:34,1
DA:36,1
DA:37,1
DA:38,1
DA:39,1
DA:40,1
DA:41,1
DA:42,1
DA:43,1
DA:44,1
DA:45,1
DA:46,1
DA:47,0
DA:48,1
DA:49,1
DA:50,1
DA:51,1
DA:53,1
DA:54,1
DA:55,1
DA:56,1
DA:58,1
DA:59,1
DA:60,1
DA:61,1
DA:62,1
DA:63,1
DA:64,1
DA:66,1
DA:67,1
DA:68,1
DA:70,1
DA:71,1
DA:72,1
DA:74,1
DA:75,1
DA:76,1
DA:78,1
DA:79,1
DA:80,1
DA:82,1
DA:83,1
DA:84,5
DA:85,5
DA:86,5
DA:87,5
DA:88,5
DA:89,5
DA:90,5
DA:91,5
DA:92,5
DA:93,5
DA:94,1
DA:95,1
DA:96,1
DA:97,1
DA:98,1
DA:99,1
DA:101,1
LF:72
LH:71
BRDA:19,0,0,1
BRDA:46,1,0,0
BRDA:83,2,0,5
BRF:3
BRH:2
end_of_record
TN:
SF:src\layouts\OfficeShell.tsx
FN:30,OfficeShell
FNF:1
FNH:1
FNDA:7,OfficeShell
DA:1,1
DA:30,1
DA:31,7
DA:32,7
DA:33,7
DA:34,7
DA:35,7
DA:36,7
DA:37,7
DA:38,7
DA:39,7
DA:40,7
DA:41,7
DA:42,7
DA:43,7
DA:44,7
DA:45,7
DA:46,7
DA:48,7
DA:49,4
DA:50,7
DA:52,7
DA:53,7
DA:54,7
DA:55,7
DA:56,7
DA:57,7
DA:58,7
DA:60,7
DA:61,7
DA:62,7
DA:63,7
DA:64,7
DA:65,7
DA:66,7
DA:68,0
DA:69,0
DA:70,0
DA:72,7
DA:73,7
DA:74,7
DA:75,7
DA:76,7
DA:77,7
DA:78,7
DA:79,7
DA:80,7
DA:81,7
DA:82,0
DA:83,7
DA:84,7
DA:85,7
DA:86,7
DA:87,7
DA:88,7
DA:90,7
DA:91,7
DA:92,7
DA:93,7
DA:96,7
DA:97,7
DA:98,7
DA:99,7
DA:101,7
DA:102,7
DA:103,7
DA:104,7
DA:105,7
DA:106,7
DA:107,7
DA:109,7
DA:110,7
DA:112,7
DA:113,7
DA:114,7
DA:115,7
DA:116,7
DA:118,7
DA:119,7
DA:120,7
DA:121,7
DA:123,7
DA:124,7
DA:125,7
DA:126,7
DA:127,7
DA:128,7
DA:129,7
DA:130,7
DA:131,7
DA:132,7
DA:133,7
DA:134,7
DA:135,7
DA:136,7
DA:137,7
DA:138,7
DA:140,7
DA:141,7
DA:142,7
DA:143,7
DA:144,7
DA:146,7
LF:103
LH:99
BRDA:30,0,0,7
BRDA:57,1,0,0
BRDA:66,2,0,0
BRDA:81,3,0,0
BRDA:87,4,0,0
BRDA:102,5,0,0
BRDA:103,6,0,3
BRDA:103,7,0,4
BRDA:106,8,0,0
BRDA:116,9,0,0
BRDA:118,10,0,0
BRDA:133,11,0,0
BRDA:138,12,0,0
BRDA:45,13,0,28
BRDA:46,14,0,28
BRDA:48,15,0,4
BRF:16
BRH:6
end_of_record
TN:
SF:src\layouts\OfficeShellMobileBar.tsx
FN:13,OfficeShellMobileBar
FNF:1
FNH:1
FNDA:7,OfficeShellMobileBar
DA:1,1
DA:13,1
DA:14,7
DA:15,7
DA:16,7
DA:17,7
DA:18,7
DA:20,7
DA:21,7
DA:22,7
DA:23,7
DA:24,7
DA:25,7
DA:26,7
DA:27,7
DA:28,7
DA:29,7
DA:30,7
DA:32,7
DA:33,7
DA:34,7
DA:35,7
DA:36,7
DA:37,7
DA:38,0
DA:41,7
DA:42,7
DA:43,7
DA:44,7
DA:45,0
DA:46,7
DA:47,7
DA:48,7
DA:49,7
DA:50,7
DA:52,7
LF:36
LH:34
BRDA:13,0,0,7
BRDA:37,1,0,0
BRDA:44,2,0,0
BRDA:18,3,0,28
BRF:4
BRH:2
end_of_record
TN:
SF:src\layouts\RegistrationOfficerShell.tsx
FN:12,RegistrationOfficerShell
FNF:1
FNH:1
FNDA:1,RegistrationOfficerShell
DA:1,1
DA:12,1
DA:13,1
DA:14,1
DA:15,1
DA:16,1
DA:17,1
DA:18,1
DA:19,1
DA:20,1
DA:21,1
DA:23,1
DA:24,1
DA:25,1
DA:27,1
LF:15
LH:15
BRDA:12,0,0,1
BRF:1
BRH:1
end_of_record
TN:
SF:src\layouts\ShellNavLink.tsx
FN:22,ShellNavLink
FNF:1
FNH:1
FNDA:76,ShellNavLink
DA:1,1
DA:22,1
DA:23,76
DA:24,76
DA:25,76
DA:26,76
DA:27,76
DA:28,76
DA:29,76
DA:30,76
DA:31,76
DA:32,76
DA:33,76
DA:34,13
DA:35,63
DA:37,76
DA:38,76
DA:39,76
DA:40,76
DA:42,76
DA:43,76
DA:45,76
DA:46,76
DA:47,76
DA:48,76
DA:49,76
DA:50,76
DA:51,76
DA:52,5
DA:53,71
DA:54,76
DA:55,76
DA:57,76
DA:58,76
DA:59,76
DA:61,76
LF:36
LH:36
BRDA:22,0,0,76
BRDA:33,1,0,13
BRDA:34,2,0,63
BRDA:48,3,0,5
BRDA:48,4,0,71
BRDA:51,5,0,5
BRDA:52,6,0,4
BRDA:52,7,0,1
BRDA:52,8,0,71
BRDA:53,9,0,65
BRDA:53,10,0,6
BRDA:57,11,0,69
BRDA:57,12,0,7
BRF:13
BRH:13
end_of_record
TN:
SF:src\layouts\ShellNavigation.tsx
FN:16,ShellNavigation
FNF:1
FNH:1
FNDA:11,ShellNavigation
DA:1,1
DA:16,1
DA:17,11
DA:18,11
DA:19,11
DA:20,11
DA:21,11
DA:22,11
DA:23,11
DA:24,11
DA:25,11
DA:26,11
DA:27,11
DA:28,11
DA:29,0
DA:30,11
DA:31,11
DA:32,11
DA:34,11
DA:35,69
DA:36,69
DA:37,69
DA:38,69
DA:39,69
DA:40,69
DA:41,69
DA:42,69
DA:43,69
DA:44,11
DA:45,11
DA:47,11
LF:31
LH:30
BRDA:16,0,0,11
BRDA:28,1,0,0
BRDA:34,2,0,69
BRF:3
BRH:2
end_of_record
TN:
SF:src\layouts\ShellUserPanel.tsx
FN:11,ShellUserPanel
FNF:1
FNH:1
FNDA:1,ShellUserPanel
DA:1,1
DA:11,1
DA:12,1
DA:14,1
DA:15,1
DA:16,1
DA:17,1
DA:18,0
DA:19,1
DA:20,1
DA:22,1
LF:11
LH:10
BRDA:11,0,0,1
BRDA:17,1,0,0
BRF:2
BRH:1
end_of_record
TN:
SF:src\layouts\SuperAdminShell.tsx
FN:12,SuperAdminShell
FNF:1
FNH:1
FNDA:2,SuperAdminShell
DA:1,1
DA:12,1
DA:13,2
DA:14,2
DA:15,2
DA:16,2
DA:17,2
DA:18,2
DA:19,2
DA:20,2
DA:21,2
DA:23,2
DA:24,2
DA:25,2
DA:27,2
LF:15
LH:15
BRDA:12,0,0,2
BRF:1
BRH:1
end_of_record
TN:
SF:src\state\appLockStore.ts
FN:29,__vite_ssr_import_0__.create.__vite_ssr_import_1__.persist.name
FN:38,setPin
FN:49,clearPin
FN:60,lock
FN:70,unlock
FN:78,verifyAndUnlock
FN:99,recordActivity
FN:103,syncUser
FN:113,markHydrated
FN:120,partialize
FN:125,onRehydrateStorage
FNF:11
FNH:11
FNDA:4,__vite_ssr_import_0__.create.__vite_ssr_import_1__.persist.name
FNDA:6,setPin
FNDA:2,clearPin
FNDA:1,lock
FNDA:6,unlock
FNDA:2,verifyAndUnlock
FNDA:3,recordActivity
FNDA:3,syncUser
FNDA:4,markHydrated
FNDA:31,partialize
FNDA:4,onRehydrateStorage
DA:1,1
DA:27,1
DA:28,1
DA:29,1
DA:30,4
DA:31,4
DA:32,4
DA:33,4
DA:34,4
DA:35,4
DA:36,4
DA:38,4
DA:39,6
DA:40,6
DA:41,6
DA:42,6
DA:43,6
DA:44,6
DA:45,6
DA:46,6
DA:47,6
DA:49,4
DA:50,2
DA:51,2
DA:52,2
DA:53,2
DA:54,2
DA:55,2
DA:56,2
DA:57,2
DA:58,2
DA:60,4
DA:61,1
DA:63,1
DA:64,0
DA:65,0
DA:67,1
DA:68,1
DA:70,4
DA:71,6
DA:72,6
DA:73,6
DA:74,6
DA:75,6
DA:76,6
DA:78,4
DA:79,2
DA:81,2
DA:82,0
DA:83,0
DA:85,2
DA:86,1
DA:87,1
DA:88,1
DA:90,1
DA:91,1
DA:93,1
DA:94,1
DA:95,1
DA:96,1
DA:97,2
DA:99,4
DA:100,3
DA:101,3
DA:103,4
DA:104,3
DA:106,3
DA:107,2
DA:108,2
DA:110,1
DA:111,3
DA:113,4
DA:114,4
DA:115,4
DA:116,4
DA:117,1
DA:118,1
DA:119,1
DA:120,1
DA:121,31
DA:122,31
DA:123,31
DA:124,31
DA:125,1
DA:126,4
DA:127,4
DA:128,4
DA:129,1
DA:130,1
DA:131,1
LF:90
LH:86
BRDA:29,0,0,4
BRDA:38,1,0,6
BRDA:49,2,0,2
BRDA:60,3,0,1
BRDA:63,4,0,0
BRDA:70,5,0,6
BRDA:78,6,0,2
BRDA:81,7,0,0
BRDA:85,8,0,1
BRDA:99,9,0,3
BRDA:103,10,0,3
BRDA:106,11,0,2
BRDA:108,12,0,1
BRDA:113,13,0,4
BRDA:119,14,0,4
BRDA:120,15,0,31
BRDA:125,16,0,4
BRDA:125,17,0,4
BRF:18
BRH:16
end_of_record
TN:
SF:src\state\authStore.ts
FN:21,hydrate
FN:31,setSession
FN:40,markSessionExpired
FN:49,clearSession
FNF:4
FNH:4
FNDA:2,hydrate
FNDA:2,setSession
FNDA:1,markSessionExpired
FNDA:2,clearSession
DA:1,1
DA:15,1
DA:16,10
DA:17,10
DA:18,10
DA:19,10
DA:21,10
DA:22,2
DA:23,2
DA:24,2
DA:25,2
DA:26,2
DA:27,2
DA:28,2
DA:29,2
DA:31,10
DA:32,2
DA:33,2
DA:34,2
DA:35,2
DA:36,2
DA:37,2
DA:38,2
DA:40,10
DA:41,1
DA:42,1
DA:43,1
DA:44,1
DA:45,1
DA:46,1
DA:47,1
DA:49,10
DA:50,2
DA:51,2
DA:52,2
DA:53,2
DA:54,2
DA:55,2
DA:56,2
DA:57,1
LF:40
LH:40
BRDA:15,0,0,10
BRDA:21,1,0,2
BRDA:24,2,0,1
BRDA:24,3,0,1
BRDA:31,4,0,2
BRDA:40,5,0,1
BRDA:49,6,0,2
BRF:7
BRH:7
end_of_record
TN:
SF:src\state\loginPreferencesStore.ts
FN:17,__vite_ssr_import_0__.create.__vite_ssr_import_1__.persist.name
FN:22,setRememberEmail
FN:30,setRememberedEmail
FN:34,clearRememberedEmail
FN:38,markHydrated
FN:45,partialize
FN:49,onRehydrateStorage
FNF:7
FNH:6
FNDA:1,__vite_ssr_import_0__.create.__vite_ssr_import_1__.persist.name
FNDA:3,setRememberEmail
FNDA:2,setRememberedEmail
FNDA:0,clearRememberedEmail
FNDA:1,markHydrated
FNDA:9,partialize
FNDA:1,onRehydrateStorage
DA:1,1
DA:15,1
DA:16,1
DA:17,1
DA:18,1
DA:19,1
DA:20,1
DA:22,1
DA:23,3
DA:25,3
DA:26,1
DA:27,1
DA:28,3
DA:30,1
DA:31,2
DA:32,2
DA:34,1
DA:35,0
DA:36,0
DA:38,1
DA:39,1
DA:40,1
DA:41,1
DA:42,1
DA:43,1
DA:44,1
DA:45,1
DA:46,9
DA:47,9
DA:48,9
DA:49,1
DA:50,1
DA:51,1
DA:52,1
DA:53,1
DA:54,1
LF:36
LH:34
BRDA:17,0,0,1
BRDA:22,1,0,3
BRDA:25,2,0,1
BRDA:30,3,0,2
BRDA:38,4,0,1
BRDA:44,5,0,1
BRDA:45,6,0,9
BRDA:49,7,0,1
BRDA:49,8,0,1
BRF:9
BRH:9
end_of_record
TN:
SF:src\state\offlineQueueStore.ts
FN:29,createQueueItem
FN:44,__vite_ssr_import_0__.create.__vite_ssr_import_1__.persist.name
FN:48,enqueuePayment
FN:56,markSyncing
FN:72,markSynced
FN:86,markFailed
FN:100,removeSyncedItems
FN:108,setSyncState
FN:112,clearQueue
FN:119,partialize
FN:124,selectPendingQueueItems
FN:135,selectPendingQueueCount
FN:139,selectHasQueueWarning
FN:143,getOfflineQueueSnapshot
FNF:14
FNH:12
FNDA:105,createQueueItem
FNDA:3,__vite_ssr_import_0__.create.__vite_ssr_import_1__.persist.name
FNDA:105,enqueuePayment
FNDA:1,markSyncing
FNDA:1,markSynced
FNDA:1,markFailed
FNDA:1,removeSyncedItems
FNDA:0,setSyncState
FNDA:9,clearQueue
FNDA:118,partialize
FNDA:2,selectPendingQueueItems
FNDA:2,selectPendingQueueCount
FNDA:1,selectHasQueueWarning
FNDA:0,getOfflineQueueSnapshot
DA:1,1
DA:29,105
DA:30,105
DA:31,105
DA:32,105
DA:33,105
DA:34,105
DA:35,105
DA:36,105
DA:37,105
DA:38,105
DA:39,105
DA:40,105
DA:42,1
DA:43,1
DA:44,1
DA:45,3
DA:46,3
DA:48,3
DA:49,105
DA:50,105
DA:51,105
DA:52,105
DA:53,105
DA:54,105
DA:56,3
DA:57,1
DA:58,1
DA:59,1
DA:60,1
DA:61,1
DA:62,1
DA:63,1
DA:64,1
DA:65,1
DA:66,1
DA:67,0
DA:68,1
DA:69,1
DA:70,1
DA:72,3
DA:73,1
DA:74,1
DA:75,1
DA:76,1
DA:77,1
DA:78,1
DA:79,1
DA:80,1
DA:81,0
DA:82,1
DA:83,1
DA:84,1
DA:86,3
DA:87,1
DA:88,1
DA:89,1
DA:90,1
DA:91,1
DA:92,1
DA:93,1
DA:94,1
DA:95,0
DA:96,1
DA:97,1
DA:98,1
DA:100,3
DA:101,1
DA:102,1
DA:103,1
DA:104,1
DA:105,1
DA:106,1
DA:108,3
DA:109,0
DA:110,0
DA:112,3
DA:113,9
DA:114,9
DA:115,3
DA:116,1
DA:117,1
DA:118,1
DA:119,1
DA:120,1
DA:121,1
DA:122,1
DA:124,1
DA:125,2
DA:126,2
DA:127,2
DA:128,2
DA:129,101
DA:130,1
DA:131,1
DA:132,2
DA:133,2
DA:135,1
DA:136,2
DA:137,2
DA:139,1
DA:140,1
DA:141,1
DA:143,1
DA:144,0
DA:145,0
LF:106
LH:99
BRDA:29,0,0,105
BRDA:44,1,0,3
BRDA:48,2,0,105
BRDA:50,3,0,105
BRDA:56,4,0,1
BRDA:57,5,0,1
BRDA:58,6,0,1
BRDA:66,7,0,0
BRDA:72,8,0,1
BRDA:73,9,0,1
BRDA:74,10,0,1
BRDA:80,11,0,0
BRDA:86,12,0,1
BRDA:87,13,0,1
BRDA:88,14,0,1
BRDA:94,15,0,0
BRDA:100,16,0,1
BRDA:101,17,0,1
BRDA:103,18,0,1
BRDA:112,19,0,9
BRDA:118,20,0,3
BRDA:119,21,0,118
BRDA:124,22,0,2
BRDA:128,23,0,101
BRDA:129,24,0,1
BRDA:130,25,0,1
BRDA:135,26,0,2
BRDA:139,27,0,1
BRF:28
BRH:25
end_of_record
TN:
SF:src\state\themeStore.ts
FN:15,__vite_ssr_import_0__.create.__vite_ssr_import_1__.persist.name
FN:19,setMode
FN:23,toggleMode
FN:29,markHydrated
FN:36,partialize
FN:37,onRehydrateStorage
FNF:6
FNH:6
FNDA:20,__vite_ssr_import_0__.create.__vite_ssr_import_1__.persist.name
FNDA:4,setMode
FNDA:3,toggleMode
FNDA:20,markHydrated
FNDA:36,partialize
FNDA:20,onRehydrateStorage
DA:1,1
DA:13,1
DA:14,1
DA:15,1
DA:16,20
DA:17,20
DA:19,20
DA:20,4
DA:21,4
DA:23,20
DA:24,3
DA:25,3
DA:26,3
DA:27,3
DA:29,20
DA:30,20
DA:31,20
DA:32,20
DA:33,1
DA:34,1
DA:35,1
DA:36,1
DA:37,1
DA:38,20
DA:39,20
DA:40,1
DA:41,1
DA:42,1
LF:28
LH:28
BRDA:15,0,0,20
BRDA:19,1,0,4
BRDA:23,2,0,3
BRDA:25,3,0,1
BRDA:25,4,0,2
BRDA:29,5,0,20
BRDA:35,6,0,20
BRDA:36,7,0,36
BRDA:37,8,0,20
BRDA:37,9,0,20
BRF:10
BRH:10
end_of_record
TN:
SF:src\state\uiStore.ts
FN:16,createToastId
FN:24,addToast
FN:40,dismissToast
FN:46,clearToasts
FN:50,openMobileNav
FN:54,closeMobileNav
FN:58,toggleMobileNav
FNF:7
FNH:6
FNDA:21,createToastId
FNDA:21,addToast
FNDA:2,dismissToast
FNDA:0,clearToasts
FNDA:1,openMobileNav
FNDA:5,closeMobileNav
FNDA:3,toggleMobileNav
DA:1,1
DA:16,21
DA:17,21
DA:18,21
DA:20,1
DA:21,12
DA:22,12
DA:24,12
DA:25,21
DA:26,21
DA:27,21
DA:28,21
DA:29,21
DA:30,21
DA:31,21
DA:33,21
DA:34,21
DA:35,21
DA:37,21
DA:38,21
DA:40,12
DA:41,2
DA:42,2
DA:43,2
DA:44,2
DA:46,12
DA:47,0
DA:48,0
DA:50,12
DA:51,1
DA:52,1
DA:54,12
DA:55,5
DA:56,5
DA:58,12
DA:59,3
DA:60,3
DA:61,1
LF:38
LH:36
BRDA:16,0,0,21
BRDA:20,1,0,12
BRDA:24,2,0,21
BRDA:29,3,0,19
BRDA:33,4,0,21
BRDA:40,5,0,2
BRDA:41,6,0,2
BRDA:42,7,0,2
BRDA:50,8,0,1
BRDA:54,9,0,5
BRDA:58,10,0,3
BRF:11
BRH:11
end_of_record
TN:
SF:src\utils\apiClient.ts
FN:14,buildUrl
FN:23,mapStatusToError
FN:53,parseJsonBody
FN:67,request
FN:117,get
FN:121,post
FN:132,patch
FNF:7
FNH:6
FNDA:4,buildUrl
FNDA:2,mapStatusToError
FNDA:2,parseJsonBody
FNDA:4,request
FNDA:3,get
FNDA:1,post
FNDA:0,patch
DA:1,1
DA:14,4
DA:15,4
DA:16,0
DA:17,0
DA:19,4
DA:20,4
DA:21,4
DA:23,2
DA:24,2
DA:26,2
DA:27,1
DA:28,1
DA:30,2
DA:31,0
DA:32,0
DA:34,2
DA:35,1
DA:36,1
DA:37,1
DA:38,1
DA:39,1
DA:40,1
DA:42,0
DA:43,0
DA:44,0
DA:46,0
DA:47,0
DA:48,0
DA:50,0
DA:51,0
DA:53,2
DA:54,2
DA:56,2
DA:57,0
DA:58,0
DA:60,2
DA:61,2
DA:62,2
DA:63,0
DA:64,0
DA:65,2
DA:67,4
DA:68,4
DA:69,4
DA:70,4
DA:71,4
DA:72,4
DA:73,4
DA:74,4
DA:76,4
DA:77,4
DA:78,4
DA:79,4
DA:80,4
DA:81,4
DA:82,4
DA:83,4
DA:84,4
DA:85,4
DA:87,4
DA:88,2
DA:89,2
DA:90,2
DA:92,4
DA:93,0
DA:94,0
DA:96,2
DA:97,2
DA:98,2
DA:99,2
DA:100,1
DA:101,1
DA:103,2
DA:104,2
DA:106,2
DA:107,0
DA:108,0
DA:110,0
DA:111,4
DA:112,4
DA:113,4
DA:114,4
DA:116,1
DA:117,1
DA:118,3
DA:119,3
DA:121,1
DA:122,1
DA:123,1
DA:124,1
DA:125,1
DA:126,1
DA:127,1
DA:128,1
DA:129,1
DA:130,1
DA:132,1
DA:133,0
DA:134,0
DA:135,0
DA:136,0
DA:137,0
DA:138,0
DA:139,0
DA:140,0
DA:141,0
DA:142,1
LF:108
LH:78
BRDA:14,0,0,4
BRDA:15,1,0,0
BRDA:19,2,0,0
BRDA:23,3,0,2
BRDA:24,4,0,0
BRDA:26,5,0,1
BRDA:26,6,0,1
BRDA:30,7,0,0
BRDA:32,8,0,1
BRDA:34,9,0,1
BRDA:40,10,0,0
BRDA:53,11,0,2
BRDA:56,12,0,0
BRDA:62,13,0,0
BRDA:67,14,0,4
BRDA:87,15,0,2
BRDA:92,16,0,0
BRDA:94,17,0,2
BRDA:99,18,0,1
BRDA:99,19,0,1
BRDA:104,20,0,0
BRDA:106,21,0,0
BRDA:111,22,0,0
BRDA:117,23,0,3
BRDA:121,24,0,1
BRF:25
BRH:14
end_of_record
TN:
SF:src\utils\borrower-profile.ts
FN:6,profileFromRegistrationPayload
FNF:1
FNH:1
FNDA:1,profileFromRegistrationPayload
DA:6,1
DA:7,1
DA:8,1
DA:9,1
DA:10,1
DA:11,1
DA:12,1
DA:13,1
DA:14,1
DA:15,1
DA:16,1
DA:17,1
DA:18,1
DA:19,1
DA:20,1
DA:21,1
DA:22,1
DA:23,1
DA:24,1
DA:25,1
DA:26,1
DA:27,1
DA:28,1
LF:23
LH:23
BRDA:6,0,0,1
BRF:1
BRH:1
end_of_record
TN:
SF:src\utils\captureGps.ts
FN:4,GpsCaptureError
FN:10,captureGps
FNF:2
FNH:0
FNDA:0,GpsCaptureError
FNDA:0,captureGps
DA:3,1
DA:4,1
DA:5,0
DA:6,0
DA:7,0
DA:8,1
DA:10,0
DA:11,0
DA:12,0
DA:13,0
DA:15,0
DA:16,0
DA:17,0
DA:18,0
DA:19,0
DA:20,0
DA:21,0
DA:22,0
DA:23,0
DA:24,0
DA:25,0
DA:26,0
DA:27,0
DA:28,0
DA:29,0
DA:30,0
DA:31,0
DA:32,0
DA:33,0
DA:34,0
DA:35,0
LF:31
LH:3
BRF:0
BRH:0
end_of_record
TN:
SF:src\utils\cn.ts
FN:3,cn
FNF:1
FNH:1
FNDA:4276,cn
DA:3,1
DA:4,4276
DA:5,4276
LF:3
LH:3
BRDA:3,0,0,4276
BRF:1
BRH:1
end_of_record
TN:
SF:src\utils\collector-management-list.ts
FN:11,buildCollectorSummaries
FN:49,buildCollectorListResponse
FNF:2
FNH:0
FNDA:0,buildCollectorSummaries
FNDA:0,buildCollectorListResponse
DA:1,1
DA:11,1
DA:12,0
DA:13,0
DA:14,0
DA:16,0
DA:17,0
DA:18,0
DA:19,0
DA:20,0
DA:21,0
DA:22,0
DA:23,0
DA:24,0
DA:25,0
DA:26,0
DA:27,0
DA:28,0
DA:29,0
DA:30,0
DA:32,0
DA:33,0
DA:34,0
DA:35,0
DA:36,0
DA:37,0
DA:38,0
DA:39,0
DA:40,0
DA:41,0
DA:42,0
DA:43,0
DA:44,0
DA:45,0
DA:46,0
DA:47,0
DA:49,1
DA:50,0
DA:51,0
DA:52,0
DA:53,0
DA:54,0
DA:55,0
DA:56,0
DA:57,0
DA:58,0
DA:59,0
DA:61,0
DA:62,0
DA:63,0
DA:65,0
DA:66,0
DA:67,0
DA:68,0
DA:69,0
DA:70,0
DA:71,0
DA:72,0
DA:73,0
DA:75,0
DA:76,0
DA:77,0
DA:78,0
DA:80,0
DA:81,0
DA:82,0
DA:83,0
DA:84,0
DA:85,0
DA:86,0
DA:87,0
DA:88,0
DA:89,0
DA:90,0
DA:91,0
DA:92,0
DA:93,0
DA:94,0
DA:95,0
DA:96,0
DA:98,0
DA:99,0
DA:100,0
DA:101,0
DA:102,0
DA:103,0
DA:104,0
DA:105,0
DA:106,0
DA:107,0
DA:108,0
DA:109,0
DA:110,0
DA:111,0
LF:94
LH:3
BRF:0
BRH:0
end_of_record
TN:
SF:src\utils\collector-payment-inputs.ts
FN:6,buildCollectorPaymentInputs
FNF:1
FNH:1
FNDA:13,buildCollectorPaymentInputs
DA:1,1
DA:6,1
DA:7,13
DA:8,13
DA:9,13
DA:10,13
DA:11,13
DA:12,13
DA:13,13
DA:14,13
DA:16,13
DA:17,13
DA:18,13
DA:19,39
DA:20,39
DA:21,39
DA:22,39
DA:23,13
DA:25,13
DA:26,13
DA:27,13
DA:28,13
LF:22
LH:22
BRDA:6,0,0,13
BRDA:9,1,0,13
BRDA:17,2,0,78
BRDA:18,3,0,39
BRDA:26,4,0,52
BRF:5
BRH:5
end_of_record
TN:
SF:src\utils\currency.ts
FN:1,formatPesewasAsGhs
FNF:1
FNH:1
FNDA:4,formatPesewasAsGhs
DA:1,1
DA:2,4
DA:3,4
DA:4,4
DA:5,4
DA:6,4
LF:6
LH:6
BRDA:1,0,0,4
BRF:1
BRH:1
end_of_record
TN:
SF:src\utils\dashboard-summary.ts
FN:25,resolveCollectorName
FN:38,sumTransactionsByType
FN:47,sumRepaymentsByCollector
FN:60,classifyBorrowerRepaymentStatus
FN:90,buildBorrowerSegments
FN:123,buildGroupRiskSegments
FN:181,buildCollectorPerformanceRows
FN:219,buildKpis
FN:264,buildRecentAlerts
FN:297,buildDashboardSummary
FNF:10
FNH:10
FNDA:4,resolveCollectorName
FNDA:6,sumTransactionsByType
FNDA:4,sumRepaymentsByCollector
FNDA:15,classifyBorrowerRepaymentStatus
FNDA:4,buildBorrowerSegments
FNDA:4,buildGroupRiskSegments
FNDA:4,buildCollectorPerformanceRows
FNDA:3,buildKpis
FNDA:4,buildRecentAlerts
FNDA:3,buildDashboardSummary
DA:1,1
DA:25,4
DA:26,4
DA:27,4
DA:38,6
DA:39,6
DA:40,6
DA:41,6
DA:42,6
DA:43,6
DA:44,6
DA:45,6
DA:47,4
DA:48,4
DA:49,4
DA:50,4
DA:51,4
DA:52,4
DA:53,4
DA:54,15
DA:55,8
DA:56,4
DA:57,4
DA:58,4
DA:60,15
DA:61,15
DA:62,15
DA:63,15
DA:64,15
DA:65,15
DA:66,3
DA:67,3
DA:69,12
DA:70,12
DA:71,12
DA:73,15
DA:74,8
DA:75,8
DA:77,15
DA:79,15
DA:80,2
DA:81,2
DA:83,3
DA:84,1
DA:85,1
DA:87,1
DA:88,1
DA:90,1
DA:91,4
DA:92,4
DA:93,4
DA:94,4
DA:95,4
DA:96,4
DA:97,4
DA:98,4
DA:99,4
DA:100,4
DA:102,4
DA:103,15
DA:105,15
DA:106,7
DA:107,7
DA:108,15
DA:110,4
DA:111,4
DA:112,4
DA:113,4
DA:114,4
DA:115,4
DA:116,4
DA:117,4
DA:118,4
DA:119,4
DA:120,4
DA:121,4
DA:123,1
DA:124,4
DA:125,4
DA:126,4
DA:127,4
DA:128,4
DA:129,4
DA:130,4
DA:131,4
DA:132,4
DA:134,4
DA:135,13
DA:136,13
DA:137,7
DA:138,7
DA:139,13
DA:140,3
DA:141,3
DA:142,13
DA:143,0
DA:144,0
DA:145,13
DA:146,3
DA:147,3
DA:148,13
DA:149,0
DA:150,13
DA:151,13
DA:153,4
DA:154,4
DA:155,4
DA:156,4
DA:157,4
DA:158,4
DA:159,4
DA:160,4
DA:161,4
DA:162,4
DA:163,4
DA:164,4
DA:165,4
DA:166,4
DA:167,4
DA:168,4
DA:169,4
DA:170,4
DA:171,4
DA:172,4
DA:173,4
DA:174,4
DA:175,4
DA:176,4
DA:177,4
DA:178,4
DA:179,4
DA:181,1
DA:182,4
DA:183,4
DA:184,4
DA:185,4
DA:186,4
DA:187,4
DA:188,4
DA:189,4
DA:190,4
DA:191,4
DA:193,4
DA:194,0
DA:195,0
DA:197,4
DA:198,4
DA:199,4
DA:201,4
DA:202,4
DA:203,4
DA:204,4
DA:205,4
DA:206,4
DA:208,4
DA:209,4
DA:210,4
DA:211,4
DA:212,4
DA:213,4
DA:214,4
DA:215,4
DA:216,4
DA:217,4
DA:219,3
DA:220,3
DA:221,3
DA:222,3
DA:223,3
DA:224,3
DA:225,3
DA:226,3
DA:228,3
DA:229,3
DA:230,3
DA:231,3
DA:232,3
DA:233,3
DA:234,3
DA:235,3
DA:236,3
DA:237,3
DA:238,3
DA:239,3
DA:240,3
DA:241,3
DA:242,3
DA:243,3
DA:244,3
DA:245,3
DA:246,3
DA:247,3
DA:248,3
DA:249,3
DA:250,3
DA:251,3
DA:252,3
DA:253,3
DA:254,3
DA:255,3
DA:256,3
DA:257,3
DA:258,3
DA:259,3
DA:260,3
DA:261,3
DA:262,3
DA:264,1
DA:265,4
DA:266,4
DA:267,4
DA:268,4
DA:270,4
DA:271,8
DA:272,4
DA:273,4
DA:275,8
DA:277,8
DA:278,3
DA:279,3
DA:280,3
DA:281,3
DA:282,3
DA:283,3
DA:284,8
DA:286,4
DA:287,4
DA:288,4
DA:289,4
DA:290,4
DA:291,4
DA:292,4
DA:294,4
DA:295,4
DA:297,1
DA:298,3
DA:299,3
DA:300,3
DA:301,3
DA:302,3
DA:303,3
DA:304,3
DA:305,3
DA:306,3
DA:307,3
DA:308,3
DA:309,3
DA:310,3
DA:311,3
DA:312,0
DA:313,3
DA:314,3
DA:315,3
DA:316,3
DA:317,3
DA:318,3
DA:319,3
DA:320,0
DA:321,3
DA:322,3
DA:323,3
DA:324,3
DA:325,3
DA:326,3
DA:328,3
DA:329,3
DA:330,3
DA:331,3
DA:332,3
DA:333,3
DA:334,3
DA:335,3
DA:336,3
DA:337,3
DA:338,3
DA:339,3
DA:340,3
DA:341,3
DA:342,3
DA:343,3
DA:344,3
DA:345,3
DA:346,3
DA:347,3
DA:348,3
DA:349,3
DA:350,3
DA:351,3
DA:352,3
DA:353,3
DA:354,3
DA:355,3
DA:356,3
DA:357,0
DA:358,3
DA:359,3
DA:360,3
DA:361,3
DA:362,3
DA:363,3
DA:364,3
DA:365,3
DA:366,3
DA:367,3
DA:368,3
LF:305
LH:297
BRDA:25,0,0,4
BRDA:26,1,0,0
BRDA:26,2,0,8
BRDA:38,3,0,6
BRDA:43,4,0,28
BRDA:44,5,0,10
BRDA:47,6,0,4
BRDA:53,7,0,15
BRDA:54,8,0,8
BRDA:57,9,0,8
BRDA:60,10,0,15
BRDA:65,11,0,3
BRDA:67,12,0,12
BRDA:73,13,0,8
BRDA:75,14,0,4
BRDA:77,15,0,0
BRDA:79,16,0,2
BRDA:81,17,0,3
BRDA:81,18,0,2
BRDA:83,19,0,1
BRDA:70,20,0,28
BRDA:70,21,0,8
BRDA:90,22,0,4
BRDA:102,23,0,15
BRDA:105,24,0,7
BRDA:123,25,0,4
BRDA:126,26,0,0
BRDA:134,27,0,13
BRDA:136,28,0,7
BRDA:139,29,0,3
BRDA:142,30,0,0
BRDA:145,31,0,3
BRDA:148,32,0,0
BRDA:181,33,0,4
BRDA:193,34,0,0
BRDA:188,35,0,15
BRDA:189,36,0,8
BRDA:198,37,0,8
BRDA:199,38,0,4
BRDA:201,39,0,4
BRDA:203,40,0,0
BRDA:205,41,0,0
BRDA:219,42,0,3
BRDA:250,43,0,0
BRDA:257,44,0,0
BRDA:258,45,0,0
BRDA:264,46,0,4
BRDA:270,47,0,8
BRDA:271,48,0,4
BRDA:275,49,0,0
BRDA:277,50,0,3
BRDA:281,51,0,1
BRDA:281,52,0,2
BRDA:297,53,0,3
BRDA:298,54,0,0
BRDA:311,55,0,0
BRDA:319,56,0,0
BRDA:356,57,0,0
BRDA:308,58,0,7
BRDA:309,59,0,3
BRDA:315,60,0,13
BRDA:317,61,0,7
BRDA:322,62,0,3
BRDA:325,63,0,3
BRDA:325,64,0,0
BRDA:349,65,0,7
BRF:66
BRH:49
end_of_record
TN:
SF:src\utils\date-iso.ts
FN:1,parseIsoDate
FN:6,formatIsoDate
FN:10,addIsoDays
FNF:3
FNH:3
FNDA:41,parseIsoDate
FNDA:41,formatIsoDate
FNDA:41,addIsoDays
DA:1,41
DA:2,41
DA:3,41
DA:4,41
DA:6,41
DA:7,41
DA:8,41
DA:10,1
DA:11,41
DA:12,41
DA:13,41
DA:14,41
LF:12
LH:12
BRDA:1,0,0,41
BRDA:6,1,0,41
BRDA:10,2,0,41
BRF:3
BRH:3
end_of_record
TN:
SF:src\utils\defaulter-escalation.ts
FN:11,countTrailingConsecutiveMissedWeeks
FN:34,hasConsecutiveMissedWeeks
FN:57,resolveEscalatedLoanStatus
FN:68,resolveBorrowerRepaymentStatus
FNF:4
FNH:4
FNDA:1,countTrailingConsecutiveMissedWeeks
FNDA:91,hasConsecutiveMissedWeeks
FNDA:38,resolveEscalatedLoanStatus
FNDA:49,resolveBorrowerRepaymentStatus
DA:1,1
DA:6,1
DA:11,1
DA:12,1
DA:14,1
DA:15,3
DA:17,3
DA:18,2
DA:19,2
DA:20,2
DA:22,1
DA:23,1
DA:24,1
DA:26,0
DA:27,0
DA:28,0
DA:29,3
DA:31,1
DA:32,1
DA:34,1
DA:35,91
DA:36,91
DA:37,91
DA:38,91
DA:40,91
DA:41,743
DA:42,94
DA:43,94
DA:44,19
DA:45,19
DA:46,75
DA:47,75
DA:49,720
DA:50,282
DA:51,282
DA:52,743
DA:54,72
DA:55,72
DA:57,1
DA:58,38
DA:59,5
DA:60,5
DA:62,33
DA:63,33
DA:68,1
DA:69,49
DA:70,12
DA:71,12
DA:73,46
DA:74,29
DA:75,29
DA:77,8
DA:78,8
LF:53
LH:50
BRDA:11,0,0,1
BRDA:14,1,0,3
BRDA:17,2,0,2
BRDA:20,3,0,1
BRDA:24,4,0,0
BRDA:34,5,0,91
BRDA:40,6,0,743
BRDA:41,7,0,742
BRDA:41,8,0,94
BRDA:43,9,0,86
BRDA:43,10,0,19
BRDA:45,11,0,75
BRDA:47,12,0,720
BRDA:47,13,0,649
BRDA:49,14,0,282
BRDA:52,15,0,72
BRDA:57,16,0,38
BRDA:58,17,0,36
BRDA:58,18,0,5
BRDA:60,19,0,33
BRDA:68,20,0,49
BRDA:69,21,0,46
BRDA:69,22,0,44
BRDA:69,23,0,12
BRDA:71,24,0,37
BRDA:73,25,0,29
BRDA:75,26,0,8
BRF:27
BRH:26
end_of_record
TN:
SF:src\utils\export-csv.ts
FN:1,escapeCsvCell
FN:9,buildCsvContent
FN:16,downloadCsvFile
FN:30,formatPesewasForCsv
FNF:4
FNH:3
FNDA:9,escapeCsvCell
FNDA:1,buildCsvContent
FNDA:0,downloadCsvFile
FNDA:54,formatPesewasForCsv
DA:1,1
DA:2,9
DA:3,3
DA:4,3
DA:6,6
DA:7,6
DA:9,1
DA:10,1
DA:11,1
DA:13,1
DA:14,1
DA:16,1
DA:17,0
DA:18,0
DA:19,0
DA:21,0
DA:22,0
DA:23,0
DA:24,0
DA:25,0
DA:26,0
DA:27,0
DA:28,0
DA:30,1
DA:31,54
DA:32,54
LF:26
LH:15
BRDA:1,0,0,9
BRDA:2,1,0,8
BRDA:2,2,0,6
BRDA:2,3,0,3
BRDA:4,4,0,6
BRDA:9,5,0,1
BRDA:11,6,0,2
BRDA:11,7,0,4
BRDA:30,8,0,54
BRF:9
BRH:9
end_of_record
TN:
SF:src\utils\format-date.ts
FN:1,formatDisplayDate
FNF:1
FNH:1
FNDA:217,formatDisplayDate
DA:1,1
DA:2,217
DA:4,217
DA:5,0
DA:6,0
DA:8,217
DA:9,217
DA:10,217
DA:11,217
DA:12,217
DA:13,217
LF:11
LH:9
BRDA:1,0,0,217
BRDA:4,1,0,0
BRF:2
BRH:1
end_of_record
TN:
SF:src\utils\format-relative-time.ts
FN:5,formatRelativeTime
FNF:1
FNH:1
FNDA:5,formatRelativeTime
DA:1,1
DA:2,1
DA:3,1
DA:5,1
DA:6,5
DA:7,5
DA:9,5
DA:10,1
DA:11,1
DA:13,5
DA:14,0
DA:15,0
DA:16,0
DA:18,5
DA:19,0
DA:20,0
DA:21,0
DA:23,4
DA:24,4
DA:25,4
LF:20
LH:14
BRDA:5,0,0,5
BRDA:9,1,0,1
BRDA:11,2,0,4
BRDA:13,3,0,0
BRDA:16,4,0,4
BRDA:18,5,0,0
BRDA:21,6,0,4
BRF:7
BRH:5
end_of_record
TN:
SF:src\utils\group-profile.ts
FN:6,enrichGroupSummary
FN:28,buildGroupSummaries
FN:32,buildGroupDetail
FNF:3
FNH:3
FNDA:6,enrichGroupSummary
FNDA:1,buildGroupSummaries
FNDA:1,buildGroupDetail
DA:1,1
DA:6,1
DA:7,6
DA:8,6
DA:9,6
DA:10,6
DA:11,6
DA:12,6
DA:13,6
DA:14,6
DA:15,6
DA:16,6
DA:17,6
DA:18,6
DA:19,6
DA:20,6
DA:21,6
DA:22,6
DA:23,6
DA:24,6
DA:25,6
DA:26,6
DA:28,1
DA:29,1
DA:30,1
DA:32,1
DA:33,1
DA:34,1
DA:35,1
DA:36,1
DA:37,1
DA:39,1
DA:40,1
DA:41,1
DA:42,1
DA:43,1
DA:44,1
DA:45,1
DA:46,1
DA:47,1
DA:48,1
DA:49,1
DA:50,1
DA:51,1
DA:52,1
DA:53,1
DA:54,1
DA:55,0
DA:56,0
DA:57,0
DA:58,0
DA:59,0
DA:60,0
DA:61,0
DA:62,1
DA:63,1
DA:64,1
DA:65,1
LF:58
LH:51
BRDA:6,0,0,6
BRDA:28,1,0,1
BRDA:32,2,0,1
BRDA:54,3,0,0
BRDA:45,4,0,1
BRF:5
BRH:4
end_of_record
TN:
SF:src\utils\group-risk.ts
FN:15,calculateMemberParticipationPercent
FN:26,calculateGroupRiskLevel
FNF:2
FNH:2
FNDA:7,calculateMemberParticipationPercent
FNDA:11,calculateGroupRiskLevel
DA:1,1
DA:15,1
DA:16,7
DA:17,7
DA:18,7
DA:19,7
DA:20,0
DA:21,0
DA:23,7
DA:24,7
DA:26,1
DA:27,11
DA:28,2
DA:29,2
DA:31,11
DA:32,2
DA:33,2
DA:35,7
DA:36,7
DA:37,7
DA:38,7
DA:40,7
DA:41,11
DA:42,5
DA:43,11
DA:44,2
DA:45,2
DA:47,5
DA:48,5
DA:49,2
DA:50,11
DA:51,3
DA:52,3
DA:54,2
DA:55,2
LF:35
LH:33
BRDA:15,0,0,7
BRDA:19,1,0,0
BRDA:26,2,0,11
BRDA:27,3,0,9
BRDA:27,4,0,2
BRDA:29,5,0,9
BRDA:31,6,0,2
BRDA:33,7,0,7
BRDA:41,8,0,5
BRDA:41,9,0,5
BRDA:43,10,0,2
BRDA:45,11,0,5
BRDA:48,12,0,2
BRDA:50,13,0,3
BRDA:52,14,0,2
BRF:15
BRH:14
end_of_record
TN:
SF:src\utils\levenshtein.ts
FN:1,levenshteinDistance
FNF:1
FNH:1
FNDA:11,levenshteinDistance
DA:1,1
DA:2,11
DA:3,2
DA:4,2
DA:6,11
DA:7,1
DA:8,1
DA:10,11
DA:11,1
DA:12,1
DA:14,7
DA:15,73
DA:16,826
DA:17,78
DA:18,78
DA:20,826
DA:21,66
DA:22,66
DA:24,682
DA:25,73
DA:26,7
DA:28,11
DA:29,66
DA:30,682
DA:32,682
DA:33,682
DA:34,682
DA:35,682
DA:36,682
DA:37,682
DA:38,66
DA:40,7
DA:41,7
LF:33
LH:33
BRDA:1,0,0,11
BRDA:2,1,0,2
BRDA:4,2,0,9
BRDA:6,3,0,1
BRDA:8,4,0,8
BRDA:10,5,0,1
BRDA:12,6,0,7
BRDA:28,7,0,66
BRDA:29,8,0,682
BRDA:30,9,0,83
BRDA:30,10,0,599
BRDA:38,11,0,7
BRDA:14,12,0,73
BRDA:15,13,0,826
BRDA:16,14,0,78
BRDA:18,15,0,748
BRDA:20,16,0,66
BRDA:22,17,0,682
BRF:18
BRH:18
end_of_record
TN:
SF:src\utils\loan-calculations.ts
FN:1,calculateWeeklyPaymentPesewas
FNF:1
FNH:1
FNDA:8,calculateWeeklyPaymentPesewas
DA:1,1
DA:2,8
DA:3,8
DA:4,8
DA:5,8
DA:6,8
LF:6
LH:6
BRDA:1,0,0,8
BRF:1
BRH:1
end_of_record
TN:
SF:src\utils\loan-pool-list.ts
FN:9,buildLoanPoolListResponse
FNF:1
FNH:1
FNDA:1,buildLoanPoolListResponse
DA:1,1
DA:9,1
DA:10,1
DA:11,1
DA:12,1
DA:13,1
DA:15,1
DA:16,7
DA:17,7
DA:18,7
DA:19,1
DA:21,1
DA:22,1
DA:23,1
DA:24,1
DA:25,1
DA:26,1
DA:27,1
DA:28,1
DA:29,1
DA:30,1
DA:31,1
DA:32,1
LF:23
LH:23
BRDA:9,0,0,1
BRDA:13,1,0,0
BRDA:10,2,0,7
BRDA:11,3,0,7
BRDA:12,4,0,7
BRDA:13,5,0,7
BRDA:15,6,0,7
BRF:7
BRH:6
end_of_record
TN:
SF:src\utils\loan-schedule.ts
FN:14,parseIsoDate
FN:19,formatIsoDate
FN:23,addDays
FN:29,getFirstDueDateIso
FN:37,generateLoanSchedule
FNF:5
FNH:5
FNDA:3234,parseIsoDate
FNDA:2964,formatIsoDate
FNDA:2964,addDays
FNDA:270,getFirstDueDateIso
FNDA:268,generateLoanSchedule
DA:1,1
DA:14,3234
DA:15,3234
DA:16,3234
DA:17,3234
DA:19,2964
DA:20,2964
DA:21,2964
DA:23,2964
DA:24,2964
DA:25,2964
DA:26,2964
DA:27,2964
DA:29,1
DA:30,270
DA:31,270
DA:32,270
DA:33,270
DA:34,270
DA:35,270
DA:37,1
DA:38,268
DA:40,268
DA:41,2694
DA:42,2694
DA:43,2694
DA:44,2694
DA:45,268
DA:46,268
LF:29
LH:29
BRDA:14,0,0,3234
BRDA:19,1,0,2964
BRDA:23,2,0,2964
BRDA:29,3,0,270
BRDA:31,4,0,0
BRDA:37,5,0,268
BRDA:40,6,0,2694
BRF:7
BRH:6
end_of_record
TN:
SF:src\utils\mutation-feedback.ts
FN:5,resolveMutationErrorMessage
FN:17,notifyMutationSuccess
FN:25,notifyMutationError
FN:33,notifyMutationWarning
FN:41,notifyMutationInfo
FNF:5
FNH:4
FNDA:4,resolveMutationErrorMessage
FNDA:8,notifyMutationSuccess
FNDA:1,notifyMutationError
FNDA:0,notifyMutationWarning
FNDA:2,notifyMutationInfo
DA:1,1
DA:5,1
DA:6,4
DA:7,1
DA:8,1
DA:10,4
DA:11,2
DA:12,2
DA:14,1
DA:15,1
DA:17,1
DA:18,8
DA:19,8
DA:20,8
DA:21,8
DA:22,8
DA:23,8
DA:25,1
DA:26,1
DA:27,1
DA:28,1
DA:29,1
DA:30,1
DA:31,1
DA:33,1
DA:34,0
DA:35,0
DA:36,0
DA:37,0
DA:38,0
DA:39,0
DA:41,1
DA:42,2
DA:43,2
DA:44,2
DA:45,2
DA:46,2
DA:47,2
LF:38
LH:32
BRDA:5,0,0,4
BRDA:6,1,0,1
BRDA:8,2,0,3
BRDA:10,3,0,2
BRDA:10,4,0,2
BRDA:12,5,0,1
BRDA:17,6,0,8
BRDA:25,7,0,1
BRDA:41,8,0,2
BRF:9
BRH:9
end_of_record
TN:
SF:src\utils\normalize-phone.ts
FN:1,normalizeGhanaPhone
FNF:1
FNH:1
FNDA:41,normalizeGhanaPhone
DA:1,1
DA:2,41
DA:4,41
DA:5,41
DA:6,41
DA:8,41
DA:9,0
DA:10,0
DA:12,0
DA:13,0
LF:10
LH:6
BRDA:1,0,0,41
BRDA:6,1,0,0
BRDA:8,2,0,0
BRF:3
BRH:1
end_of_record
TN:
SF:src\utils\payment-edit.schema.ts
FNF:0
FNH:0
DA:1,1
DA:3,1
DA:4,1
DA:5,1
DA:6,1
DA:7,1
DA:8,1
LF:7
LH:7
BRF:0
BRH:0
end_of_record
TN:
SF:src\utils\payment-same-day.ts
FN:1,isSameCalendarDay
FN:5,isPaymentEditable
FNF:2
FNH:2
FNDA:4,isSameCalendarDay
FNDA:68,isPaymentEditable
DA:1,1
DA:2,4
DA:3,4
DA:5,1
DA:6,68
DA:7,68
DA:8,68
DA:9,68
DA:10,68
DA:12,68
DA:13,68
LF:11
LH:11
BRDA:1,0,0,4
BRDA:5,1,0,68
BRDA:12,2,0,2
BRF:3
BRH:3
end_of_record
TN:
SF:src\utils\photo-validation.ts
FN:9,validateBorrowerPhoto
FNF:1
FNH:1
FNDA:8,validateBorrowerPhoto
DA:1,1
DA:3,1
DA:4,1
DA:5,1
DA:6,1
DA:7,1
DA:9,1
DA:10,8
DA:11,1
DA:12,1
DA:14,8
DA:15,2
DA:16,2
DA:18,5
DA:19,2
DA:20,2
DA:22,3
DA:23,3
LF:18
LH:18
BRDA:9,0,0,8
BRDA:10,1,0,1
BRDA:12,2,0,7
BRDA:14,3,0,2
BRDA:16,4,0,5
BRDA:18,5,0,2
BRDA:20,6,0,3
BRF:7
BRH:7
end_of_record
TN:
SF:src\utils\portfolio.ts
FN:10,filterPortfolioEntries
FN:31,summarizePortfolioEntries
FN:33,entries.reduce.totalLoans
FNF:3
FNH:3
FNDA:9,filterPortfolioEntries
FNDA:9,summarizePortfolioEntries
FNDA:16,entries.reduce.totalLoans
DA:1,1
DA:10,1
DA:11,9
DA:12,9
DA:13,9
DA:14,9
DA:16,9
DA:17,19
DA:18,19
DA:19,19
DA:20,19
DA:21,19
DA:22,2
DA:23,1
DA:24,1
DA:25,1
DA:27,19
DA:28,9
DA:29,9
DA:31,1
DA:32,9
DA:33,9
DA:34,16
DA:35,16
DA:36,16
DA:37,16
DA:38,16
DA:39,16
DA:40,9
DA:41,9
DA:42,9
DA:43,9
DA:44,9
DA:45,9
DA:46,9
DA:47,9
LF:36
LH:36
BRDA:10,0,0,9
BRDA:16,1,0,19
BRDA:17,2,0,7
BRDA:19,3,0,0
BRDA:21,4,0,2
BRDA:22,5,0,1
BRDA:23,6,0,1
BRDA:24,7,0,1
BRDA:27,8,0,15
BRDA:27,9,0,15
BRDA:31,10,0,9
BRDA:33,11,0,16
BRDA:36,12,0,7
BRDA:36,13,0,9
BRF:14
BRH:13
end_of_record
TN:
SF:src\utils\reconciliation-summary.ts
FN:13,buildReconciliationTotals
FN:28,calculatePhysicalCashVariance
FN:35,isVarianceAboveThreshold
FNF:3
FNH:3
FNDA:11,buildReconciliationTotals
FNDA:4,calculatePhysicalCashVariance
FNDA:7,isVarianceAboveThreshold
DA:1,1
DA:13,1
DA:14,11
DA:15,11
DA:16,11
DA:17,11
DA:18,11
DA:19,11
DA:20,11
DA:21,11
DA:22,11
DA:23,11
DA:25,11
DA:26,11
DA:28,1
DA:29,4
DA:30,4
DA:31,4
DA:32,4
DA:33,4
DA:35,1
DA:36,7
DA:37,7
DA:38,7
DA:39,7
DA:40,7
DA:41,2
DA:42,2
DA:44,5
DA:46,5
DA:47,5
LF:31
LH:31
BRDA:13,0,0,11
BRDA:19,1,0,11
BRDA:20,2,0,10
BRDA:22,3,0,1
BRDA:23,4,0,1
BRDA:28,5,0,4
BRDA:35,6,0,7
BRDA:40,7,0,5
BRDA:40,8,0,2
BRF:9
BRH:9
end_of_record
TN:
SF:src\utils\reconciliation.schema.ts
FN:8,__vite_ssr_import_0__.z.object.physicalCashGhs.__vite_ssr_import_0__.z.string.trim.min.refine.message
FN:15,ghsInputToPesewas
FNF:2
FNH:2
FNDA:2,__vite_ssr_import_0__.z.object.physicalCashGhs.__vite_ssr_import_0__.z.string.trim.min.refine.message
FNDA:1,ghsInputToPesewas
DA:1,1
DA:3,1
DA:4,1
DA:5,1
DA:6,1
DA:7,1
DA:8,1
DA:9,1
DA:10,1
DA:11,1
DA:15,1
DA:16,1
DA:17,1
LF:13
LH:13
BRDA:8,0,0,2
BRDA:15,1,0,1
BRF:2
BRH:2
end_of_record
TN:
SF:src\utils\schedule-missed-marking.ts
FN:7,applyMissedWeekAutoMarking
FN:20,countMissedWeeks
FN:24,countArrearsWeeks
FNF:3
FNH:3
FNDA:43,applyMissedWeekAutoMarking
FNDA:60,countMissedWeeks
FNDA:1,countArrearsWeeks
DA:1,1
DA:7,1
DA:8,43
DA:9,43
DA:10,43
DA:11,43
DA:12,418
DA:13,36
DA:14,36
DA:16,382
DA:17,43
DA:18,43
DA:20,1
DA:21,60
DA:22,60
DA:24,1
DA:25,1
DA:26,1
DA:27,1
DA:28,1
DA:29,1
DA:30,5
DA:31,4
DA:32,1
DA:33,1
LF:25
LH:25
BRDA:7,0,0,43
BRDA:11,1,0,418
BRDA:12,2,0,259
BRDA:12,3,0,36
BRDA:14,4,0,382
BRDA:20,5,0,60
BRDA:21,6,0,521
BRDA:24,7,0,1
BRDA:29,8,0,5
BRDA:30,9,0,4
BRDA:31,10,0,1
BRF:11
BRH:11
end_of_record
TN:
SF:src\utils\shell-breadcrumbs.ts
FN:13,test
FN:17,test
FN:21,test
FN:25,test
FN:29,test
FN:33,test
FN:37,test
FN:41,test
FN:46,resolveShellBreadcrumbs
FNF:9
FNH:9
FNDA:2,test
FNDA:1,test
FNDA:1,test
FNDA:1,test
FNDA:1,test
FNDA:1,test
FNDA:1,test
FNDA:1,test
FNDA:12,resolveShellBreadcrumbs
DA:1,1
DA:8,1
DA:11,1
DA:12,1
DA:13,1
DA:14,1
DA:15,1
DA:16,1
DA:17,1
DA:18,1
DA:19,1
DA:20,1
DA:21,1
DA:22,1
DA:23,1
DA:24,1
DA:25,1
DA:26,1
DA:27,1
DA:28,1
DA:29,1
DA:30,1
DA:31,1
DA:32,1
DA:33,1
DA:34,1
DA:35,1
DA:36,1
DA:37,1
DA:38,1
DA:39,1
DA:40,1
DA:41,1
DA:42,1
DA:43,1
DA:44,1
DA:46,1
DA:47,12
DA:48,10
DA:49,10
DA:51,2
DA:53,2
DA:54,2
DA:55,2
DA:56,2
DA:57,2
DA:58,2
DA:59,2
DA:61,0
DA:62,0
DA:63,0
DA:64,0
DA:65,0
LF:53
LH:48
BRDA:13,0,0,2
BRDA:13,1,0,1
BRDA:17,2,0,1
BRDA:21,3,0,1
BRDA:25,4,0,1
BRDA:29,5,0,1
BRDA:33,6,0,1
BRDA:37,7,0,1
BRDA:41,8,0,1
BRDA:46,9,0,12
BRDA:47,10,0,3
BRDA:47,11,0,10
BRDA:49,12,0,2
BRDA:59,13,0,0
BRDA:51,14,0,9
BRF:15
BRH:14
end_of_record
TN:
SF:src\utils\shell-page-title.ts
FN:33,test
FN:36,test
FN:37,test
FN:38,test
FN:39,test
FN:40,test
FN:41,test
FN:43,test
FN:49,resolveShellPageTitle
FNF:9
FNH:9
FNDA:3,test
FNDA:2,test
FNDA:1,test
FNDA:1,test
FNDA:1,test
FNDA:1,test
FNDA:1,test
FNDA:1,test
FNDA:14,resolveShellPageTitle
DA:1,1
DA:2,1
DA:3,1
DA:4,1
DA:5,1
DA:6,1
DA:7,1
DA:8,1
DA:9,1
DA:10,1
DA:11,1
DA:12,1
DA:13,1
DA:14,1
DA:15,1
DA:16,1
DA:17,1
DA:18,1
DA:19,1
DA:20,1
DA:21,1
DA:22,1
DA:23,1
DA:24,1
DA:25,1
DA:26,1
DA:27,1
DA:28,1
DA:29,1
DA:31,1
DA:32,1
DA:33,1
DA:34,1
DA:35,1
DA:36,1
DA:37,1
DA:38,1
DA:39,1
DA:40,1
DA:41,1
DA:42,1
DA:43,1
DA:44,1
DA:45,1
DA:46,1
DA:47,1
DA:49,1
DA:50,14
DA:51,11
DA:52,11
DA:54,4
DA:55,11
DA:56,2
DA:57,2
DA:58,11
DA:60,1
DA:61,1
LF:57
LH:57
BRDA:33,0,0,3
BRDA:33,1,0,2
BRDA:36,2,0,2
BRDA:37,3,0,1
BRDA:38,4,0,1
BRDA:39,5,0,1
BRDA:40,6,0,1
BRDA:41,7,0,1
BRDA:43,8,0,1
BRDA:44,9,0,0
BRDA:49,10,0,14
BRDA:50,11,0,11
BRDA:52,12,0,4
BRDA:52,13,0,3
BRDA:54,14,0,11
BRDA:55,15,0,2
BRDA:58,16,0,1
BRF:17
BRH:16
end_of_record
TN:
SF:src\utils\weekday.ts
FN:11,getWeekdayNameFromIsoDate
FN:16,isLoanDueOnDate
FNF:2
FNH:2
FNDA:51,getWeekdayNameFromIsoDate
FNDA:21,isLoanDueOnDate
DA:1,1
DA:2,1
DA:3,1
DA:4,1
DA:5,1
DA:6,1
DA:7,1
DA:8,1
DA:9,1
DA:11,1
DA:12,51
DA:13,51
DA:14,51
DA:16,1
DA:17,21
DA:18,21
LF:16
LH:16
BRDA:11,0,0,51
BRDA:16,1,0,21
BRF:2
BRH:2
end_of_record
